RUN	Simulation.Base	base	1639138050303	single	3.6.1
USER	Get-User	START	1639138051881
USER	Get-User	START	1639138051881
USER	Get-User	START	1639138051881
USER	Get-User	START	1639138051881
USER	Get-User	START	1639138051881
USER	Get-User	START	1639138051881
USER	Get-User	START	1639138052212
USER	Get-User	START	1639138052211
USER	Get-User	START	1639138052213
USER	Get-User	START	1639138052212
USER	Get-User	START	1639138052214
USER	Get-User	START	1639138052214
USER	Get-User	START	1639138052214
USER	Get-User	START	1639138052212
USER	Get-User	START	1639138051881
USER	Get-User	START	1639138052215
USER	Get-User	START	1639138052215
USER	Get-User	START	1639138051881
USER	Get-User	START	1639138051881
USER	Get-User	START	1639138052215
USER	Get-User	START	1639138051881
USER	Get-User	START	1639138052212
USER	Get-User	START	1639138052216
USER	Get-User	START	1639138052216
USER	Get-User	START	1639138052215
USER	Get-User	START	1639138052217
USER	Get-User	START	1639138051881
USER	Get-User	START	1639138052219
USER	Get-User	START	1639138052215
USER	Get-User	START	1639138052218
USER	Get-User	START	1639138052216
USER	Get-User	START	1639138052215
USER	Get-User	START	1639138052223
USER	Get-User	START	1639138052224
USER	Get-User	START	1639138052224
USER	Get-User	START	1639138052225
USER	Get-User	START	1639138052218
USER	Get-User	START	1639138052226
USER	Get-User	START	1639138051881
USER	Get-User	START	1639138051881
USER	Get-User	START	1639138052227
USER	Get-User	START	1639138052217
USER	Get-User	START	1639138052226
USER	Get-User	START	1639138051881
USER	Get-User	START	1639138052227
USER	Get-User	START	1639138052217
USER	Get-User	START	1639138052228
USER	Get-User	START	1639138052228
USER	Get-User	START	1639138052217
USER	Get-User	START	1639138052229
USER	Get-User	START	1639138052229
USER	Get-User	START	1639138052229
USER	Get-User	START	1639138052230
USER	Get-User	START	1639138052228
USER	Get-User	START	1639138052215
USER	Get-User	START	1639138051881
USER	Get-User	START	1639138052232
USER	Get-User	START	1639138052220
USER	Get-User	START	1639138052223
USER	Get-User	START	1639138052233
USER	Get-User	START	1639138052227
USER	Get-User	START	1639138052226
USER	Get-User	START	1639138052234
USER	Get-User	START	1639138052233
USER	Get-User	START	1639138051881
USER	Get-User	START	1639138052234
USER	Get-User	START	1639138052224
USER	Get-User	START	1639138052235
USER	Get-User	START	1639138052227
USER	Get-User	START	1639138052235
USER	Get-User	START	1639138052233
USER	Get-User	START	1639138052228
USER	Get-User	START	1639138052231
USER	Get-User	START	1639138052231
USER	Get-User	START	1639138052236
USER	Get-User	START	1639138052236
USER	Get-User	START	1639138052236
USER	Get-User	START	1639138052236
USER	Get-User	START	1639138052228
USER	Get-User	START	1639138052237
USER	Get-User	START	1639138052237
USER	Get-User	START	1639138052237
USER	Get-User	START	1639138052231
USER	Get-User	START	1639138052238
USER	Get-User	START	1639138052238
USER	Get-User	START	1639138052233
USER	Get-User	START	1639138052239
USER	Get-User	START	1639138052239
USER	Get-User	START	1639138052239
USER	Get-User	START	1639138052237
USER	Get-User	START	1639138052240
USER	Get-User	START	1639138052240
USER	Get-User	START	1639138052240
USER	Get-User	START	1639138052241
USER	Get-User	START	1639138052238
USER	Get-User	START	1639138052240
USER	Get-User	START	1639138052242
USER	Get-User	START	1639138052235
USER	Get-User	START	1639138052240
USER	Get-User	START	1639138052235
USER	Get-User	START	1639138052235
USER	Get-User	START	1639138052234
USER	Get-User	START	1639138052235
USER	Get-User	START	1639138052235
USER	Get-User	START	1639138052244
USER	Get-User	START	1639138052245
USER	Get-User	START	1639138052234
USER	Get-User	START	1639138052245
USER	Get-User	START	1639138052246
USER	Get-User	START	1639138052237
USER	Get-User	START	1639138052238
USER	Get-User	START	1639138052244
USER	Get-User	START	1639138052245
USER	Get-User	START	1639138052247
USER	Get-User	START	1639138052247
USER	Get-User	START	1639138052240
USER	Get-User	START	1639138052247
USER	Get-User	START	1639138052239
USER	Get-User	START	1639138052243
USER	Get-User	START	1639138052243
USER	Get-User	START	1639138052248
USER	Get-User	START	1639138052249
USER	Get-User	START	1639138052244
USER	Get-User	START	1639138052246
USER	Get-User	START	1639138052244
USER	Get-User	START	1639138052247
USER	Get-User	START	1639138052249
USER	Get-User	START	1639138052243
USER	Get-User	START	1639138052251
USER	Get-User	START	1639138052249
USER	Get-User	START	1639138052251
USER	Get-User	START	1639138052250
USER	Get-User	START	1639138052252
USER	Get-User	START	1639138052252
USER	Get-User	START	1639138052250
USER	Get-User	START	1639138052253
USER	Get-User	START	1639138052251
USER	Get-User	START	1639138052253
USER	Get-User	START	1639138052253
USER	Get-User	START	1639138052254
USER	Get-User	START	1639138052254
USER	Get-User	START	1639138052254
USER	Get-User	START	1639138052254
USER	Get-User	START	1639138052255
USER	Get-User	START	1639138052244
USER	Get-User	START	1639138052248
USER	Get-User	START	1639138052245
USER	Get-User	START	1639138052256
USER	Get-User	START	1639138052256
USER	Get-User	START	1639138052247
USER	Get-User	START	1639138052257
USER	Get-User	START	1639138052257
USER	Get-User	START	1639138052249
USER	Get-User	START	1639138052256
USER	Get-User	START	1639138052258
USER	Get-User	START	1639138052258
USER	Get-User	START	1639138052258
USER	Get-User	START	1639138052259
USER	Get-User	START	1639138052249
USER	Get-User	START	1639138052250
USER	Get-User	START	1639138052259
USER	Get-User	START	1639138052259
USER	Get-User	START	1639138052260
USER	Get-User	START	1639138052251
USER	Get-User	START	1639138052260
USER	Get-User	START	1639138052258
USER	Get-User	START	1639138052261
USER	Get-User	START	1639138052261
USER	Get-User	START	1639138052252
USER	Get-User	START	1639138052260
USER	Get-User	START	1639138052263
USER	Get-User	START	1639138052263
USER	Get-User	START	1639138052260
USER	Get-User	START	1639138052264
USER	Get-User	START	1639138052264
USER	Get-User	START	1639138052264
USER	Get-User	START	1639138052248
USER	Get-User	START	1639138052265
USER	Get-User	START	1639138052255
USER	Get-User	START	1639138052264
USER	Get-User	START	1639138052256
USER	Get-User	START	1639138052256
USER	Get-User	START	1639138052266
USER	Get-User	START	1639138052266
USER	Get-User	START	1639138052267
USER	Get-User	START	1639138052267
USER	Get-User	START	1639138052267
USER	Get-User	START	1639138052266
USER	Get-User	START	1639138052267
USER	Get-User	START	1639138052255
USER	Get-User	START	1639138052268
USER	Get-User	START	1639138052268
USER	Get-User	START	1639138052269
USER	Get-User	START	1639138052258
USER	Get-User	START	1639138052270
USER	Get-User	START	1639138052269
USER	Get-User	START	1639138052250
USER	Get-User	START	1639138052268
USER	Get-User	START	1639138052270
USER	Get-User	START	1639138052271
USER	Get-User	START	1639138052271
USER	Get-User	START	1639138052271
USER	Get-User	START	1639138052260
USER	Get-User	START	1639138052272
USER	Get-User	START	1639138052220
USER	Get-User	START	1639138052262
USER	Get-User	START	1639138052273
USER	Get-User	START	1639138052273
USER	Get-User	START	1639138052273
USER	Get-User	START	1639138052263
USER	Get-User	START	1639138052264
USER	Get-User	START	1639138052274
USER	Get-User	START	1639138052274
USER	Get-User	START	1639138052265
USER	Get-User	START	1639138052254
USER	Get-User	START	1639138052274
USER	Get-User	START	1639138052275
USER	Get-User	START	1639138052275
USER	Get-User	START	1639138052265
USER	Get-User	START	1639138052267
USER	Get-User	START	1639138052276
USER	Get-User	START	1639138052267
USER	Get-User	START	1639138052276
USER	Get-User	START	1639138052276
USER	Get-User	START	1639138052277
USER	Get-User	START	1639138052270
USER	Get-User	START	1639138052277
USER	Get-User	START	1639138052270
USER	Get-User	START	1639138052278
USER	Get-User	START	1639138052278
USER	Get-User	START	1639138052272
USER	Get-User	START	1639138052279
USER	Get-User	START	1639138052279
USER	Get-User	START	1639138052280
USER	Get-User	START	1639138052280
USER	Get-User	START	1639138052280
USER	Get-User	START	1639138052272
USER	Get-User	START	1639138052274
USER	Get-User	START	1639138052273
USER	Get-User	START	1639138052282
USER	Get-User	START	1639138052274
USER	Get-User	START	1639138052273
USER	Get-User	START	1639138052283
USER	Get-User	START	1639138052283
USER	Get-User	START	1639138052283
USER	Get-User	START	1639138052284
USER	Get-User	START	1639138052275
USER	Get-User	START	1639138052284
USER	Get-User	START	1639138052275
USER	Get-User	START	1639138052284
USER	Get-User	START	1639138052285
USER	Get-User	START	1639138052285
USER	Get-User	START	1639138052266
USER	Get-User	START	1639138052285
USER	Get-User	START	1639138052286
USER	Get-User	START	1639138052286
USER	Get-User	START	1639138052276
USER	Get-User	START	1639138052287
USER	Get-User	START	1639138052287
USER	Get-User	START	1639138052287
USER	Get-User	START	1639138052288
USER	Get-User	START	1639138052278
USER	Get-User	START	1639138052288
USER	Get-User	START	1639138052276
USER	Get-User	START	1639138052288
USER	Get-User	START	1639138052288
USER	Get-User	START	1639138052278
USER	Get-User	START	1639138052275
USER	Get-User	START	1639138052289
USER	Get-User	START	1639138052289
USER	Get-User	START	1639138052279
USER	Get-User	START	1639138052289
USER	Get-User	START	1639138052290
USER	Get-User	START	1639138052290
USER	Get-User	START	1639138052281
USER	Get-User	START	1639138052289
USER	Get-User	START	1639138052281
USER	Get-User	START	1639138052290
USER	Get-User	START	1639138052291
USER	Get-User	START	1639138052291
USER	Get-User	START	1639138052291
USER	Get-User	START	1639138052291
USER	Get-User	START	1639138052292
USER	Get-User	START	1639138052291
USER	Get-User	START	1639138052292
USER	Get-User	START	1639138052292
USER	Get-User	START	1639138052283
USER	Get-User	START	1639138052292
USER	Get-User	START	1639138052293
USER	Get-User	START	1639138052293
USER	Get-User	START	1639138052290
USER	Get-User	START	1639138052294
USER	Get-User	START	1639138052294
USER	Get-User	START	1639138052284
USER	Get-User	START	1639138052285
USER	Get-User	START	1639138052287
USER	Get-User	START	1639138052287
USER	Get-User	START	1639138052295
USER	Get-User	START	1639138052295
USER	Get-User	START	1639138052295
USER	Get-User	START	1639138052295
USER	Get-User	START	1639138052296
USER	Get-User	START	1639138052296
USER	Get-User	START	1639138052288
USER	Get-User	START	1639138052288
USER	Get-User	START	1639138052289
USER	Get-User	START	1639138052297
USER	Get-User	START	1639138052297
USER	Get-User	START	1639138052292
USER	Get-User	START	1639138052297
USER	Get-User	START	1639138052297
USER	Get-User	START	1639138052290
USER	Get-User	START	1639138052293
USER	Get-User	START	1639138052298
USER	Get-User	START	1639138052298
USER	Get-User	START	1639138052298
USER	Get-User	START	1639138052283
USER	Get-User	START	1639138052298
USER	Get-User	START	1639138052299
USER	Get-User	START	1639138052290
USER	Get-User	START	1639138052293
USER	Get-User	START	1639138052299
USER	Get-User	START	1639138052294
USER	Get-User	START	1639138052299
USER	Get-User	START	1639138052300
USER	Get-User	START	1639138052295
USER	Get-User	START	1639138052300
USER	Get-User	START	1639138052300
USER	Get-User	START	1639138052300
USER	Get-User	START	1639138052296
USER	Get-User	START	1639138052300
USER	Get-User	START	1639138052292
USER	Get-User	START	1639138052300
USER	Get-User	START	1639138052296
USER	Get-User	START	1639138052298
USER	Get-User	START	1639138052301
USER	Get-User	START	1639138052301
USER	Get-User	START	1639138052298
USER	Get-User	START	1639138052295
USER	Get-User	START	1639138052299
USER	Get-User	START	1639138052300
USER	Get-User	START	1639138052300
USER	Get-User	START	1639138052296
USER	Get-User	START	1639138052299
USER	Get-User	START	1639138052300
USER	Get-User	START	1639138052302
USER	Get-User	START	1639138052303
USER	Get-User	START	1639138052303
USER	Get-User	START	1639138052301
USER	Get-User	START	1639138052303
USER	Get-User	START	1639138052303
USER	Get-User	START	1639138052303
USER	Get-User	START	1639138052303
USER	Get-User	START	1639138052297
USER	Get-User	START	1639138052301
USER	Get-User	START	1639138052304
USER	Get-User	START	1639138052304
USER	Get-User	START	1639138052303
USER	Get-User	START	1639138052304
USER	Get-User	START	1639138052304
USER	Get-User	START	1639138052304
USER	Get-User	START	1639138052305
USER	Get-User	START	1639138052305
USER	Get-User	START	1639138052305
USER	Get-User	START	1639138052305
USER	Get-User	START	1639138052301
USER	Get-User	START	1639138052301
USER	Get-User	START	1639138052302
USER	Get-User	START	1639138052305
USER	Get-User	START	1639138052306
USER	Get-User	START	1639138052302
USER	Get-User	START	1639138052306
USER	Get-User	START	1639138052302
USER	Get-User	START	1639138052306
USER	Get-User	START	1639138052300
USER	Get-User	START	1639138052307
USER	Get-User	START	1639138052307
USER	Get-User	START	1639138052307
USER	Get-User	START	1639138052302
USER	Get-User	START	1639138052303
USER	Get-User	START	1639138052308
USER	Get-User	START	1639138052308
USER	Get-User	START	1639138052308
USER	Get-User	START	1639138052308
USER	Get-User	START	1639138052308
USER	Get-User	START	1639138052304
USER	Get-User	START	1639138052309
USER	Get-User	START	1639138052309
USER	Get-User	START	1639138052304
USER	Get-User	START	1639138052304
USER	Get-User	START	1639138052310
USER	Get-User	START	1639138052310
USER	Get-User	START	1639138052304
USER	Get-User	START	1639138052310
USER	Get-User	START	1639138052311
USER	Get-User	START	1639138052311
USER	Get-User	START	1639138052306
USER	Get-User	START	1639138052311
USER	Get-User	START	1639138052306
USER	Get-User	START	1639138052312
USER	Get-User	START	1639138052312
USER	Get-User	START	1639138052312
USER	Get-User	START	1639138052312
USER	Get-User	START	1639138052312
USER	Get-User	START	1639138052312
USER	Get-User	START	1639138052313
USER	Get-User	START	1639138052305
USER	Get-User	START	1639138052307
USER	Get-User	START	1639138052314
USER	Get-User	START	1639138052314
USER	Get-User	START	1639138052307
USER	Get-User	START	1639138052314
USER	Get-User	START	1639138052314
USER	Get-User	START	1639138052315
USER	Get-User	START	1639138052315
USER	Get-User	START	1639138052315
USER	Get-User	START	1639138052308
USER	Get-User	START	1639138052315
USER	Get-User	START	1639138052313
USER	Get-User	START	1639138052316
USER	Get-User	START	1639138052308
USER	Get-User	START	1639138052308
USER	Get-User	START	1639138052316
USER	Get-User	START	1639138052316
USER	Get-User	START	1639138052317
USER	Get-User	START	1639138052317
USER	Get-User	START	1639138052309
USER	Get-User	START	1639138052317
USER	Get-User	START	1639138052318
USER	Get-User	START	1639138052310
USER	Get-User	START	1639138052310
USER	Get-User	START	1639138052318
USER	Get-User	START	1639138052318
USER	Get-User	START	1639138052319
USER	Get-User	START	1639138052319
USER	Get-User	START	1639138052305
USER	Get-User	START	1639138052320
USER	Get-User	START	1639138052306
USER	Get-User	START	1639138052313
USER	Get-User	START	1639138052320
USER	Get-User	START	1639138052320
USER	Get-User	START	1639138052314
USER	Get-User	START	1639138052321
USER	Get-User	START	1639138052321
USER	Get-User	START	1639138052322
USER	Get-User	START	1639138052315
USER	Get-User	START	1639138052316
USER	Get-User	START	1639138052317
USER	Get-User	START	1639138052323
USER	Get-User	START	1639138052318
USER	Get-User	START	1639138052318
USER	Get-User	START	1639138052323
USER	Get-User	START	1639138052323
USER	Get-User	START	1639138052324
USER	Get-User	START	1639138052319
USER	Get-User	START	1639138052325
USER	Get-User	START	1639138052321
USER	Get-User	START	1639138052324
USER	Get-User	START	1639138052325
USER	Get-User	START	1639138052320
USER	Get-User	START	1639138052321
USER	Get-User	START	1639138052322
USER	Get-User	START	1639138052322
USER	Get-User	START	1639138052326
USER	Get-User	START	1639138052327
USER	Get-User	START	1639138052327
USER	Get-User	START	1639138052328
USER	Get-User	START	1639138052323
USER	Get-User	START	1639138052328
USER	Get-User	START	1639138052329
USER	Get-User	START	1639138052325
USER	Get-User	START	1639138052324
USER	Get-User	START	1639138052326
USER	Get-User	START	1639138052331
USER	Get-User	START	1639138052330
USER	Get-User	START	1639138052329
USER	Get-User	START	1639138052333
USER	Get-User	START	1639138052325
USER	Get-User	START	1639138052327
USER	Get-User	START	1639138052334
USER	Get-User	START	1639138052335
USER	Get-User	START	1639138052323
USER	Get-User	START	1639138052330
USER	Get-User	START	1639138052330
USER	Get-User	START	1639138052335
USER	Get-User	START	1639138052339
USER	Get-User	START	1639138052340
USER	Get-User	START	1639138052340
USER	Get-User	START	1639138052341
USER	Get-User	START	1639138052341
USER	Get-User	START	1639138052341
USER	Get-User	START	1639138052342
USER	Get-User	START	1639138052343
USER	Get-User	START	1639138052343
USER	Get-User	START	1639138052344
USER	Get-User	START	1639138052344
USER	Get-User	START	1639138052345
USER	Get-User	START	1639138052345
USER	Get-User	START	1639138052345
USER	Get-User	START	1639138052346
REQUEST		Single-User	1639138051920	1639138062369	KO	i.n.h.s.SslHandshakeTimeoutException: handshake timed out after 10000ms
USER	Get-User	END	1639138062383
REQUEST		Single-User	1639138052215	1639138062383	KO	i.n.h.s.SslHandshakeTimeoutException: handshake timed out after 10000ms
USER	Get-User	END	1639138062384
REQUEST		Single-User	1639138052216	1639138062384	KO	i.n.h.s.SslHandshakeTimeoutException: handshake timed out after 10000ms
USER	Get-User	END	1639138062385
REQUEST		Single-User	1639138052217	1639138062385	KO	i.n.h.s.SslHandshakeTimeoutException: handshake timed out after 10000ms
USER	Get-User	END	1639138062385
REQUEST		Single-User	1639138052230	1639138062411	KO	i.n.h.s.SslHandshakeTimeoutException: handshake timed out after 10000ms
USER	Get-User	END	1639138062411
REQUEST		Single-User	1639138052238	1639138062412	KO	i.n.h.s.SslHandshakeTimeoutException: handshake timed out after 10000ms
USER	Get-User	END	1639138062412
REQUEST		Single-User	1639138052239	1639138062413	KO	i.n.h.s.SslHandshakeTimeoutException: handshake timed out after 10000ms
USER	Get-User	END	1639138062414
REQUEST		Single-User	1639138052240	1639138062414	KO	i.n.h.s.SslHandshakeTimeoutException: handshake timed out after 10000ms
USER	Get-User	END	1639138062414
REQUEST		Single-User	1639138051920	1639138062414	KO	i.n.h.s.SslHandshakeTimeoutException: handshake timed out after 10000ms
USER	Get-User	END	1639138062415
REQUEST		Single-User	1639138052241	1639138062415	KO	i.n.h.s.SslHandshakeTimeoutException: handshake timed out after 10000ms
USER	Get-User	END	1639138062415
REQUEST		Single-User	1639138052233	1639138062415	KO	i.n.h.s.SslHandshakeTimeoutException: handshake timed out after 10000ms
USER	Get-User	END	1639138062415
REQUEST		Single-User	1639138052236	1639138062416	KO	i.n.h.s.SslHandshakeTimeoutException: handshake timed out after 10000ms
USER	Get-User	END	1639138062416
REQUEST		Single-User	1639138052237	1639138062417	KO	i.n.h.s.SslHandshakeTimeoutException: handshake timed out after 10000ms
REQUEST		Single-User	1639138052241	1639138062417	KO	i.n.h.s.SslHandshakeTimeoutException: handshake timed out after 10000ms
USER	Get-User	END	1639138062418
USER	Get-User	END	1639138062418
REQUEST		Single-User	1639138052242	1639138062418	KO	i.n.h.s.SslHandshakeTimeoutException: handshake timed out after 10000ms
REQUEST		Single-User	1639138052238	1639138062418	KO	i.n.h.s.SslHandshakeTimeoutException: handshake timed out after 10000ms
USER	Get-User	END	1639138062418
USER	Get-User	END	1639138062418
REQUEST		Single-User	1639138052247	1639138062419	KO	i.n.h.s.SslHandshakeTimeoutException: handshake timed out after 10000ms
REQUEST		Single-User	1639138052248	1639138062419	KO	i.n.h.s.SslHandshakeTimeoutException: handshake timed out after 10000ms
USER	Get-User	END	1639138062419
USER	Get-User	END	1639138062419
REQUEST		Single-User	1639138052249	1639138062419	KO	i.n.h.s.SslHandshakeTimeoutException: handshake timed out after 10000ms
USER	Get-User	END	1639138062419
REQUEST		Single-User	1639138052252	1639138062420	KO	i.n.h.s.SslHandshakeTimeoutException: handshake timed out after 10000ms
USER	Get-User	END	1639138062420
REQUEST		Single-User	1639138052257	1639138062420	KO	i.n.h.s.SslHandshakeTimeoutException: handshake timed out after 10000ms
USER	Get-User	END	1639138062421
REQUEST		Single-User	1639138052258	1639138062421	KO	i.n.h.s.SslHandshakeTimeoutException: handshake timed out after 10000ms
REQUEST		Single-User	1639138052252	1639138062421	KO	i.n.h.s.SslHandshakeTimeoutException: handshake timed out after 10000ms
REQUEST		Single-User	1639138051920	1639138062421	KO	i.n.h.s.SslHandshakeTimeoutException: handshake timed out after 10000ms
USER	Get-User	END	1639138062421
USER	Get-User	END	1639138062422
USER	Get-User	END	1639138062422
REQUEST		Single-User	1639138052253	1639138062423	KO	i.n.h.s.SslHandshakeTimeoutException: handshake timed out after 10000ms
REQUEST		Single-User	1639138052228	1639138062423	KO	i.n.h.s.SslHandshakeTimeoutException: handshake timed out after 10000ms
REQUEST		Single-User	1639138052259	1639138062423	KO	i.n.h.s.SslHandshakeTimeoutException: handshake timed out after 10000ms
USER	Get-User	END	1639138062424
USER	Get-User	END	1639138062424
USER	Get-User	END	1639138062424
REQUEST		Single-User	1639138052229	1639138062424	KO	i.n.h.s.SslHandshakeTimeoutException: handshake timed out after 10000ms
REQUEST		Single-User	1639138052254	1639138062424	KO	i.n.h.s.SslHandshakeTimeoutException: handshake timed out after 10000ms
REQUEST		Single-User	1639138052262	1639138062424	KO	i.n.h.s.SslHandshakeTimeoutException: handshake timed out after 10000ms
USER	Get-User	END	1639138062424
USER	Get-User	END	1639138062424
USER	Get-User	END	1639138062424
REQUEST		Single-User	1639138052254	1639138062425	KO	i.n.h.s.SslHandshakeTimeoutException: handshake timed out after 10000ms
REQUEST		Single-User	1639138052263	1639138062425	KO	i.n.h.s.SslHandshakeTimeoutException: handshake timed out after 10000ms
REQUEST		Single-User	1639138052230	1639138062425	KO	i.n.h.s.SslHandshakeTimeoutException: handshake timed out after 10000ms
USER	Get-User	END	1639138062425
USER	Get-User	END	1639138062425
USER	Get-User	END	1639138062425
REQUEST		Single-User	1639138052264	1639138062426	KO	i.n.h.s.SslHandshakeTimeoutException: handshake timed out after 10000ms
REQUEST		Single-User	1639138052231	1639138062426	KO	i.n.h.s.SslHandshakeTimeoutException: handshake timed out after 10000ms
REQUEST		Single-User	1639138052255	1639138062426	KO	i.n.h.s.SslHandshakeTimeoutException: handshake timed out after 10000ms
USER	Get-User	END	1639138062427
USER	Get-User	END	1639138062427
USER	Get-User	END	1639138062427
REQUEST		Single-User	1639138052275	1639138062427	KO	i.n.h.s.SslHandshakeTimeoutException: handshake timed out after 10000ms
REQUEST		Single-User	1639138052237	1639138062427	KO	i.n.h.s.SslHandshakeTimeoutException: handshake timed out after 10000ms
USER	Get-User	END	1639138062427
REQUEST		Single-User	1639138052264	1639138062427	KO	i.n.h.s.SslHandshakeTimeoutException: handshake timed out after 10000ms
USER	Get-User	END	1639138062427
USER	Get-User	END	1639138062427
REQUEST		Single-User	1639138052295	1639138062427	KO	i.n.h.s.SslHandshakeTimeoutException: handshake timed out after 10000ms
REQUEST		Single-User	1639138052240	1639138062427	KO	i.n.h.s.SslHandshakeTimeoutException: handshake timed out after 10000ms
REQUEST		Single-User	1639138052265	1639138062427	KO	i.n.h.s.SslHandshakeTimeoutException: handshake timed out after 10000ms
USER	Get-User	END	1639138062428
USER	Get-User	END	1639138062428
USER	Get-User	END	1639138062428
REQUEST		Single-User	1639138052295	1639138062429	KO	i.n.h.s.SslHandshakeTimeoutException: handshake timed out after 10000ms
REQUEST		Single-User	1639138052266	1639138062429	KO	i.n.h.s.SslHandshakeTimeoutException: handshake timed out after 10000ms
REQUEST		Single-User	1639138052240	1639138062429	KO	i.n.h.s.SslHandshakeTimeoutException: handshake timed out after 10000ms
USER	Get-User	END	1639138062430
USER	Get-User	END	1639138062430
USER	Get-User	END	1639138062430
REQUEST		Single-User	1639138052268	1639138062430	KO	i.n.h.s.SslHandshakeTimeoutException: handshake timed out after 10000ms
REQUEST		Single-User	1639138052300	1639138062430	KO	i.n.h.s.SslHandshakeTimeoutException: handshake timed out after 10000ms
REQUEST		Single-User	1639138052250	1639138062430	KO	i.n.h.s.SslHandshakeTimeoutException: handshake timed out after 10000ms
USER	Get-User	END	1639138062430
USER	Get-User	END	1639138062430
USER	Get-User	END	1639138062430
REQUEST		Single-User	1639138052256	1639138062430	KO	i.n.h.s.SslHandshakeTimeoutException: handshake timed out after 10000ms
USER	Get-User	END	1639138062431
REQUEST		Single-User	1639138052257	1639138062432	KO	i.n.h.s.SslHandshakeTimeoutException: handshake timed out after 10000ms
USER	Get-User	END	1639138062433
REQUEST		Single-User	1639138052270	1639138062435	KO	i.n.h.s.SslHandshakeTimeoutException: handshake timed out after 10000ms
USER	Get-User	END	1639138062436
REQUEST		Single-User	1639138052277	1639138062436	KO	i.n.h.s.SslHandshakeTimeoutException: handshake timed out after 10000ms
USER	Get-User	END	1639138062436
REQUEST		Single-User	1639138052301	1639138062436	KO	i.n.h.s.SslHandshakeTimeoutException: handshake timed out after 10000ms
USER	Get-User	END	1639138062437
REQUEST		Single-User	1639138052278	1639138062437	KO	i.n.h.s.SslHandshakeTimeoutException: handshake timed out after 10000ms
USER	Get-User	END	1639138062437
REQUEST		Single-User	1639138052306	1639138062437	KO	i.n.h.s.SslHandshakeTimeoutException: handshake timed out after 10000ms
USER	Get-User	END	1639138062437
REQUEST		Single-User	1639138052306	1639138062437	KO	i.n.h.s.SslHandshakeTimeoutException: handshake timed out after 10000ms
REQUEST		Single-User	1639138052279	1639138062437	KO	i.n.h.s.SslHandshakeTimeoutException: handshake timed out after 10000ms
USER	Get-User	END	1639138062438
USER	Get-User	END	1639138062438
REQUEST		Single-User	1639138052307	1639138062438	KO	i.n.h.s.SslHandshakeTimeoutException: handshake timed out after 10000ms
USER	Get-User	END	1639138062438
REQUEST		Single-User	1639138052308	1639138062438	KO	i.n.h.s.SslHandshakeTimeoutException: handshake timed out after 10000ms
USER	Get-User	END	1639138062439
REQUEST		Single-User	1639138052308	1639138062439	KO	i.n.h.s.SslHandshakeTimeoutException: handshake timed out after 10000ms
USER	Get-User	END	1639138062439
REQUEST		Single-User	1639138052280	1639138062439	KO	i.n.h.s.SslHandshakeTimeoutException: handshake timed out after 10000ms
USER	Get-User	END	1639138062440
REQUEST		Single-User	1639138052281	1639138062440	KO	i.n.h.s.SslHandshakeTimeoutException: handshake timed out after 10000ms
USER	Get-User	END	1639138062440
REQUEST		Single-User	1639138052290	1639138062440	KO	i.n.h.s.SslHandshakeTimeoutException: handshake timed out after 10000ms
USER	Get-User	END	1639138062441
REQUEST		Single-User	1639138052292	1639138062441	KO	i.n.h.s.SslHandshakeTimeoutException: handshake timed out after 10000ms
USER	Get-User	END	1639138062441
REQUEST		Single-User	1639138052309	1639138062441	KO	i.n.h.s.SslHandshakeTimeoutException: handshake timed out after 10000ms
USER	Get-User	END	1639138062442
REQUEST		Single-User	1639138052310	1639138062442	KO	i.n.h.s.SslHandshakeTimeoutException: handshake timed out after 10000ms
USER	Get-User	END	1639138062442
REQUEST		Single-User	1639138052292	1639138062442	KO	i.n.h.s.SslHandshakeTimeoutException: handshake timed out after 10000ms
USER	Get-User	END	1639138062442
REQUEST		Single-User	1639138052298	1639138062443	KO	i.n.h.s.SslHandshakeTimeoutException: handshake timed out after 10000ms
USER	Get-User	END	1639138062444
REQUEST		Single-User	1639138052298	1639138062444	KO	i.n.h.s.SslHandshakeTimeoutException: handshake timed out after 10000ms
USER	Get-User	END	1639138062444
REQUEST		Single-User	1639138052301	1639138062444	KO	i.n.h.s.SslHandshakeTimeoutException: handshake timed out after 10000ms
USER	Get-User	END	1639138062445
REQUEST		Single-User	1639138052306	1639138062445	KO	i.n.h.s.SslHandshakeTimeoutException: handshake timed out after 10000ms
USER	Get-User	END	1639138062445
REQUEST		Single-User	1639138052306	1639138062445	KO	i.n.h.s.SslHandshakeTimeoutException: handshake timed out after 10000ms
USER	Get-User	END	1639138062446
REQUEST		Single-User	1639138052312	1639138062447	KO	i.n.h.s.SslHandshakeTimeoutException: handshake timed out after 10000ms
USER	Get-User	END	1639138062448
REQUEST		Single-User	1639138051921	1639138062449	KO	i.n.h.s.SslHandshakeTimeoutException: handshake timed out after 10000ms
REQUEST		Single-User	1639138052258	1639138062449	KO	i.n.h.s.SslHandshakeTimeoutException: handshake timed out after 10000ms
USER	Get-User	END	1639138062450
USER	Get-User	END	1639138062450
REQUEST		Single-User	1639138052212	1639138062451	KO	i.n.h.s.SslHandshakeTimeoutException: handshake timed out after 10000ms
REQUEST		Single-User	1639138052259	1639138062451	KO	i.n.h.s.SslHandshakeTimeoutException: handshake timed out after 10000ms
USER	Get-User	END	1639138062452
USER	Get-User	END	1639138062452
REQUEST		Single-User	1639138052260	1639138062452	KO	i.n.h.s.SslHandshakeTimeoutException: handshake timed out after 10000ms
REQUEST		Single-User	1639138052213	1639138062452	KO	i.n.h.s.SslHandshakeTimeoutException: handshake timed out after 10000ms
USER	Get-User	END	1639138062452
USER	Get-User	END	1639138062452
REQUEST		Single-User	1639138052214	1639138062452	KO	i.n.h.s.SslHandshakeTimeoutException: handshake timed out after 10000ms
REQUEST		Single-User	1639138052272	1639138062452	KO	i.n.h.s.SslHandshakeTimeoutException: handshake timed out after 10000ms
USER	Get-User	END	1639138062453
USER	Get-User	END	1639138062453
REQUEST		Single-User	1639138052215	1639138062454	KO	i.n.h.s.SslHandshakeTimeoutException: handshake timed out after 10000ms
REQUEST		Single-User	1639138051921	1639138062454	KO	i.n.h.s.SslHandshakeTimeoutException: handshake timed out after 10000ms
USER	Get-User	END	1639138062455
USER	Get-User	END	1639138062455
REQUEST		Single-User	1639138052218	1639138062455	KO	i.n.h.s.SslHandshakeTimeoutException: handshake timed out after 10000ms
REQUEST		Single-User	1639138052217	1639138062455	KO	i.n.h.s.SslHandshakeTimeoutException: handshake timed out after 10000ms
USER	Get-User	END	1639138062455
USER	Get-User	END	1639138062455
REQUEST		Single-User	1639138052218	1639138062457	KO	i.n.h.s.SslHandshakeTimeoutException: handshake timed out after 10000ms
USER	Get-User	END	1639138062458
REQUEST		Single-User	1639138052225	1639138062458	KO	i.n.h.s.SslHandshakeTimeoutException: handshake timed out after 10000ms
USER	Get-User	END	1639138062458
REQUEST		Single-User	1639138052226	1639138062458	KO	i.n.h.s.SslHandshakeTimeoutException: handshake timed out after 10000ms
REQUEST		Single-User	1639138052218	1639138062458	KO	i.n.h.s.SslHandshakeTimeoutException: handshake timed out after 10000ms
USER	Get-User	END	1639138062458
USER	Get-User	END	1639138062458
REQUEST		Single-User	1639138052224	1639138062459	KO	i.n.h.s.SslHandshakeTimeoutException: handshake timed out after 10000ms
USER	Get-User	END	1639138062459
REQUEST		Single-User	1639138052234	1639138062459	KO	i.n.h.s.SslHandshakeTimeoutException: handshake timed out after 10000ms
USER	Get-User	END	1639138062459
REQUEST		Single-User	1639138052273	1639138062460	KO	i.n.h.s.SslHandshakeTimeoutException: handshake timed out after 10000ms
USER	Get-User	END	1639138062460
REQUEST		Single-User	1639138052274	1639138062461	KO	i.n.h.s.SslHandshakeTimeoutException: handshake timed out after 10000ms
USER	Get-User	END	1639138062461
REQUEST		Single-User	1639138052238	1639138062461	KO	i.n.h.s.SslHandshakeTimeoutException: handshake timed out after 10000ms
REQUEST		Single-User	1639138052228	1639138062461	KO	i.n.h.s.SslHandshakeTimeoutException: handshake timed out after 10000ms
USER	Get-User	END	1639138062462
USER	Get-User	END	1639138062462
REQUEST		Single-User	1639138052229	1639138062462	KO	i.n.h.s.SslHandshakeTimeoutException: handshake timed out after 10000ms
REQUEST		Single-User	1639138052246	1639138062462	KO	i.n.h.s.SslHandshakeTimeoutException: handshake timed out after 10000ms
USER	Get-User	END	1639138062462
USER	Get-User	END	1639138062462
REQUEST		Single-User	1639138052292	1639138062463	KO	i.n.h.s.SslHandshakeTimeoutException: handshake timed out after 10000ms
USER	Get-User	END	1639138062464
REQUEST		Single-User	1639138052293	1639138062464	KO	i.n.h.s.SslHandshakeTimeoutException: handshake timed out after 10000ms
USER	Get-User	END	1639138062464
REQUEST		Single-User	1639138052294	1639138062464	KO	i.n.h.s.SslHandshakeTimeoutException: handshake timed out after 10000ms
REQUEST		Single-User	1639138052247	1639138062464	KO	i.n.h.s.SslHandshakeTimeoutException: handshake timed out after 10000ms
REQUEST		Single-User	1639138052236	1639138062464	KO	i.n.h.s.SslHandshakeTimeoutException: handshake timed out after 10000ms
USER	Get-User	END	1639138062465
USER	Get-User	END	1639138062465
USER	Get-User	END	1639138062465
REQUEST		Single-User	1639138052237	1639138062465	KO	i.n.h.s.SslHandshakeTimeoutException: handshake timed out after 10000ms
REQUEST		Single-User	1639138052299	1639138062465	KO	i.n.h.s.SslHandshakeTimeoutException: handshake timed out after 10000ms
REQUEST		Single-User	1639138052251	1639138062465	KO	i.n.h.s.SslHandshakeTimeoutException: handshake timed out after 10000ms
USER	Get-User	END	1639138062465
USER	Get-User	END	1639138062465
USER	Get-User	END	1639138062465
REQUEST		Single-User	1639138052260	1639138062465	KO	i.n.h.s.SslHandshakeTimeoutException: handshake timed out after 10000ms
REQUEST		Single-User	1639138052300	1639138062465	KO	i.n.h.s.SslHandshakeTimeoutException: handshake timed out after 10000ms
REQUEST		Single-User	1639138052238	1639138062465	KO	i.n.h.s.SslHandshakeTimeoutException: handshake timed out after 10000ms
USER	Get-User	END	1639138062466
USER	Get-User	END	1639138062466
USER	Get-User	END	1639138062466
REQUEST		Single-User	1639138052261	1639138062466	KO	i.n.h.s.SslHandshakeTimeoutException: handshake timed out after 10000ms
REQUEST		Single-User	1639138052239	1639138062466	KO	i.n.h.s.SslHandshakeTimeoutException: handshake timed out after 10000ms
REQUEST		Single-User	1639138052303	1639138062466	KO	i.n.h.s.SslHandshakeTimeoutException: handshake timed out after 10000ms
USER	Get-User	END	1639138062466
USER	Get-User	END	1639138062466
USER	Get-User	END	1639138062466
REQUEST		Single-User	1639138052303	1639138062467	KO	i.n.h.s.SslHandshakeTimeoutException: handshake timed out after 10000ms
REQUEST		Single-User	1639138052272	1639138062467	KO	i.n.h.s.SslHandshakeTimeoutException: handshake timed out after 10000ms
REQUEST		Single-User	1639138052240	1639138062467	KO	i.n.h.s.SslHandshakeTimeoutException: handshake timed out after 10000ms
USER	Get-User	END	1639138062467
USER	Get-User	END	1639138062467
USER	Get-User	END	1639138062467
REQUEST		Single-User	1639138052305	1639138062468	KO	i.n.h.s.SslHandshakeTimeoutException: handshake timed out after 10000ms
REQUEST		Single-User	1639138052240	1639138062468	KO	i.n.h.s.SslHandshakeTimeoutException: handshake timed out after 10000ms
USER	Get-User	END	1639138062469
USER	Get-User	END	1639138062469
REQUEST		Single-User	1639138052305	1639138062469	KO	i.n.h.s.SslHandshakeTimeoutException: handshake timed out after 10000ms
REQUEST		Single-User	1639138052249	1639138062469	KO	i.n.h.s.SslHandshakeTimeoutException: handshake timed out after 10000ms
USER	Get-User	END	1639138062469
USER	Get-User	END	1639138062469
REQUEST		Single-User	1639138052306	1639138062470	KO	i.n.h.s.SslHandshakeTimeoutException: handshake timed out after 10000ms
REQUEST		Single-User	1639138052266	1639138062470	KO	i.n.h.s.SslHandshakeTimeoutException: handshake timed out after 10000ms
USER	Get-User	END	1639138062470
USER	Get-User	END	1639138062470
REQUEST		Single-User	1639138052314	1639138062470	KO	i.n.h.s.SslHandshakeTimeoutException: handshake timed out after 10000ms
USER	Get-User	END	1639138062470
REQUEST		Single-User	1639138052315	1639138062471	KO	i.n.h.s.SslHandshakeTimeoutException: handshake timed out after 10000ms
USER	Get-User	END	1639138062471
REQUEST		Single-User	1639138052315	1639138062472	KO	i.n.h.s.SslHandshakeTimeoutException: handshake timed out after 10000ms
USER	Get-User	END	1639138062473
REQUEST		Single-User	1639138052316	1639138062474	KO	i.n.h.s.SslHandshakeTimeoutException: handshake timed out after 10000ms
USER	Get-User	END	1639138062475
REQUEST		Single-User	1639138052267	1639138062476	KO	i.n.h.s.SslHandshakeTimeoutException: handshake timed out after 10000ms
USER	Get-User	END	1639138062476
REQUEST		Single-User	1639138052267	1639138062491	KO	i.n.h.s.SslHandshakeTimeoutException: handshake timed out after 10000ms
USER	Get-User	END	1639138062492
REQUEST		Single-User	1639138051922	1639138062492	KO	i.n.h.s.SslHandshakeTimeoutException: handshake timed out after 10000ms
USER	Get-User	END	1639138062493
REQUEST		Single-User	1639138052212	1639138062493	KO	i.n.h.s.SslHandshakeTimeoutException: handshake timed out after 10000ms
USER	Get-User	END	1639138062493
REQUEST		Single-User	1639138052214	1639138062493	KO	i.n.h.s.SslHandshakeTimeoutException: handshake timed out after 10000ms
REQUEST		Single-User	1639138052276	1639138062493	KO	i.n.h.s.SslHandshakeTimeoutException: handshake timed out after 10000ms
USER	Get-User	END	1639138062494
USER	Get-User	END	1639138062494
REQUEST		Single-User	1639138052278	1639138062494	KO	i.n.h.s.SslHandshakeTimeoutException: handshake timed out after 10000ms
USER	Get-User	END	1639138062494
REQUEST		Single-User	1639138052215	1639138062494	KO	i.n.h.s.SslHandshakeTimeoutException: handshake timed out after 10000ms
USER	Get-User	END	1639138062495
REQUEST		Single-User	1639138052279	1639138062495	KO	i.n.h.s.SslHandshakeTimeoutException: handshake timed out after 10000ms
USER	Get-User	END	1639138062495
REQUEST		Single-User	1639138052291	1639138062495	KO	i.n.h.s.SslHandshakeTimeoutException: handshake timed out after 10000ms
USER	Get-User	END	1639138062496
REQUEST		Single-User	1639138052291	1639138062528	KO	i.n.h.s.SslHandshakeTimeoutException: handshake timed out after 10000ms
REQUEST		Single-User	1639138052224	1639138062528	KO	i.n.h.s.SslHandshakeTimeoutException: handshake timed out after 10000ms
USER	Get-User	END	1639138062528
USER	Get-User	END	1639138062528
REQUEST		Single-User	1639138052292	1639138062528	KO	i.n.h.s.SslHandshakeTimeoutException: handshake timed out after 10000ms
USER	Get-User	END	1639138062528
REQUEST		Single-User	1639138051920	1639138062528	KO	i.n.h.s.SslHandshakeTimeoutException: handshake timed out after 10000ms
USER	Get-User	END	1639138062529
REQUEST		Single-User	1639138052225	1639138062529	KO	i.n.h.s.SslHandshakeTimeoutException: handshake timed out after 10000ms
USER	Get-User	END	1639138062530
REQUEST		Single-User	1639138052226	1639138062530	KO	i.n.h.s.SslHandshakeTimeoutException: handshake timed out after 10000ms
USER	Get-User	END	1639138062530
REQUEST		Single-User	1639138052297	1639138062530	KO	i.n.h.s.SslHandshakeTimeoutException: handshake timed out after 10000ms
USER	Get-User	END	1639138062531
REQUEST		Single-User	1639138052298	1639138062531	KO	i.n.h.s.SslHandshakeTimeoutException: handshake timed out after 10000ms
USER	Get-User	END	1639138062531
REQUEST		Single-User	1639138052215	1639138062531	KO	i.n.h.s.SslHandshakeTimeoutException: handshake timed out after 10000ms
USER	Get-User	END	1639138062532
REQUEST		Single-User	1639138052227	1639138062531	KO	i.n.h.s.SslHandshakeTimeoutException: handshake timed out after 10000ms
USER	Get-User	END	1639138062532
REQUEST		Single-User	1639138052223	1639138062532	KO	i.n.h.s.SslHandshakeTimeoutException: handshake timed out after 10000ms
USER	Get-User	END	1639138062532
REQUEST		Single-User	1639138052227	1639138062532	KO	i.n.h.s.SslHandshakeTimeoutException: handshake timed out after 10000ms
USER	Get-User	END	1639138062532
REQUEST		Single-User	1639138052223	1639138062532	KO	i.n.h.s.SslHandshakeTimeoutException: handshake timed out after 10000ms
REQUEST		Single-User	1639138052302	1639138062532	KO	i.n.h.s.SslHandshakeTimeoutException: handshake timed out after 10000ms
USER	Get-User	END	1639138062533
USER	Get-User	END	1639138062533
REQUEST		Single-User	1639138052303	1639138062533	KO	i.n.h.s.SslHandshakeTimeoutException: handshake timed out after 10000ms
USER	Get-User	END	1639138062533
REQUEST		Single-User	1639138052235	1639138062534	KO	i.n.h.s.SslHandshakeTimeoutException: handshake timed out after 10000ms
REQUEST		Single-User	1639138052236	1639138062534	KO	i.n.h.s.SslHandshakeTimeoutException: handshake timed out after 10000ms
REQUEST		Single-User	1639138052308	1639138062534	KO	i.n.h.s.SslHandshakeTimeoutException: handshake timed out after 10000ms
USER	Get-User	END	1639138062535
USER	Get-User	END	1639138062535
USER	Get-User	END	1639138062535
REQUEST		Single-User	1639138052235	1639138062535	KO	i.n.h.s.SslHandshakeTimeoutException: handshake timed out after 10000ms
REQUEST		Single-User	1639138052316	1639138062535	KO	i.n.h.s.SslHandshakeTimeoutException: handshake timed out after 10000ms
REQUEST		Single-User	1639138052238	1639138062535	KO	i.n.h.s.SslHandshakeTimeoutException: handshake timed out after 10000ms
USER	Get-User	END	1639138062535
USER	Get-User	END	1639138062535
USER	Get-User	END	1639138062535
REQUEST		Single-User	1639138052238	1639138062535	KO	i.n.h.s.SslHandshakeTimeoutException: handshake timed out after 10000ms
REQUEST		Single-User	1639138052239	1639138062535	KO	i.n.h.s.SslHandshakeTimeoutException: handshake timed out after 10000ms
USER	Get-User	END	1639138062535
USER	Get-User	END	1639138062535
REQUEST		Single-User	1639138052317	1639138062536	KO	i.n.h.s.SslHandshakeTimeoutException: handshake timed out after 10000ms
USER	Get-User	END	1639138062536
REQUEST		Single-User	1639138052248	1639138062536	KO	i.n.h.s.SslHandshakeTimeoutException: handshake timed out after 10000ms
REQUEST		Single-User	1639138052243	1639138062536	KO	i.n.h.s.SslHandshakeTimeoutException: handshake timed out after 10000ms
REQUEST		Single-User	1639138052318	1639138062536	KO	i.n.h.s.SslHandshakeTimeoutException: handshake timed out after 10000ms
REQUEST		Single-User	1639138052249	1639138062536	KO	i.n.h.s.SslHandshakeTimeoutException: handshake timed out after 10000ms
REQUEST		Single-User	1639138052282	1639138062536	KO	i.n.h.s.SslHandshakeTimeoutException: handshake timed out after 10000ms
USER	Get-User	END	1639138062536
USER	Get-User	END	1639138062536
USER	Get-User	END	1639138062536
USER	Get-User	END	1639138062536
USER	Get-User	END	1639138062537
REQUEST		Single-User	1639138052251	1639138062537	KO	i.n.h.s.SslHandshakeTimeoutException: handshake timed out after 10000ms
REQUEST		Single-User	1639138052250	1639138062537	KO	i.n.h.s.SslHandshakeTimeoutException: handshake timed out after 10000ms
USER	Get-User	END	1639138062537
USER	Get-User	END	1639138062537
REQUEST		Single-User	1639138052252	1639138062537	KO	i.n.h.s.SslHandshakeTimeoutException: handshake timed out after 10000ms
USER	Get-User	END	1639138062538
REQUEST		Single-User	1639138052284	1639138062538	KO	i.n.h.s.SslHandshakeTimeoutException: handshake timed out after 10000ms
USER	Get-User	END	1639138062539
REQUEST		Single-User	1639138052251	1639138062539	KO	i.n.h.s.SslHandshakeTimeoutException: handshake timed out after 10000ms
REQUEST		Single-User	1639138051920	1639138062539	KO	i.n.h.s.SslHandshakeTimeoutException: handshake timed out after 10000ms
USER	Get-User	END	1639138062540
USER	Get-User	END	1639138062540
REQUEST		Single-User	1639138052254	1639138062540	KO	i.n.h.s.SslHandshakeTimeoutException: handshake timed out after 10000ms
REQUEST		Single-User	1639138052213	1639138062540	KO	i.n.h.s.SslHandshakeTimeoutException: handshake timed out after 10000ms
USER	Get-User	END	1639138062540
USER	Get-User	END	1639138062540
REQUEST		Single-User	1639138052255	1639138062540	KO	i.n.h.s.SslHandshakeTimeoutException: handshake timed out after 10000ms
USER	Get-User	END	1639138062541
REQUEST		Single-User	1639138052256	1639138062541	KO	i.n.h.s.SslHandshakeTimeoutException: handshake timed out after 10000ms
USER	Get-User	END	1639138062541
REQUEST		Single-User	1639138052257	1639138062542	KO	i.n.h.s.SslHandshakeTimeoutException: handshake timed out after 10000ms
USER	Get-User	END	1639138062542
REQUEST		Single-User	1639138052263	1639138062543	KO	i.n.h.s.SslHandshakeTimeoutException: handshake timed out after 10000ms
USER	Get-User	END	1639138062544
REQUEST		Single-User	1639138052274	1639138062544	KO	i.n.h.s.SslHandshakeTimeoutException: handshake timed out after 10000ms
USER	Get-User	END	1639138062544
REQUEST		Single-User	1639138052283	1639138062545	KO	i.n.h.s.SslHandshakeTimeoutException: handshake timed out after 10000ms
USER	Get-User	END	1639138062545
REQUEST		Single-User	1639138052284	1639138062545	KO	i.n.h.s.SslHandshakeTimeoutException: handshake timed out after 10000ms
USER	Get-User	END	1639138062545
REQUEST		Single-User	1639138052285	1639138062566	KO	i.n.h.s.SslHandshakeTimeoutException: handshake timed out after 10000ms
USER	Get-User	END	1639138062567
REQUEST		Single-User	1639138052294	1639138062567	KO	i.n.h.s.SslHandshakeTimeoutException: handshake timed out after 10000ms
REQUEST		Single-User	1639138052269	1639138062567	KO	i.n.h.s.SslHandshakeTimeoutException: handshake timed out after 10000ms
USER	Get-User	END	1639138062568
USER	Get-User	END	1639138062568
REQUEST		Single-User	1639138052295	1639138062569	KO	i.n.h.s.SslHandshakeTimeoutException: handshake timed out after 10000ms
REQUEST		Single-User	1639138052286	1639138062569	KO	i.n.h.s.SslHandshakeTimeoutException: handshake timed out after 10000ms
REQUEST		Single-User	1639138052277	1639138062569	KO	i.n.h.s.SslHandshakeTimeoutException: handshake timed out after 10000ms
USER	Get-User	END	1639138062570
USER	Get-User	END	1639138062570
USER	Get-User	END	1639138062570
REQUEST		Single-User	1639138052287	1639138062570	KO	i.n.h.s.SslHandshakeTimeoutException: handshake timed out after 10000ms
REQUEST		Single-User	1639138052296	1639138062570	KO	i.n.h.s.SslHandshakeTimeoutException: handshake timed out after 10000ms
REQUEST		Single-User	1639138052278	1639138062570	KO	i.n.h.s.SslHandshakeTimeoutException: handshake timed out after 10000ms
USER	Get-User	END	1639138062570
USER	Get-User	END	1639138062570
USER	Get-User	END	1639138062570
REQUEST		Single-User	1639138052288	1639138062572	KO	i.n.h.s.SslHandshakeTimeoutException: handshake timed out after 10000ms
REQUEST		Single-User	1639138052289	1639138062572	KO	i.n.h.s.SslHandshakeTimeoutException: handshake timed out after 10000ms
USER	Get-User	END	1639138062573
USER	Get-User	END	1639138062573
REQUEST		Single-User	1639138052297	1639138062573	KO	i.n.h.s.SslHandshakeTimeoutException: handshake timed out after 10000ms
REQUEST		Single-User	1639138052288	1639138062573	KO	i.n.h.s.SslHandshakeTimeoutException: handshake timed out after 10000ms
USER	Get-User	END	1639138062573
USER	Get-User	END	1639138062573
REQUEST		Single-User	1639138052299	1639138062573	KO	i.n.h.s.SslHandshakeTimeoutException: handshake timed out after 10000ms
USER	Get-User	END	1639138062574
REQUEST		Single-User	1639138052297	1639138062579	KO	i.n.h.s.SslHandshakeTimeoutException: handshake timed out after 10000ms
USER	Get-User	END	1639138062580
REQUEST		Single-User	1639138052301	1639138062580	KO	i.n.h.s.SslHandshakeTimeoutException: handshake timed out after 10000ms
USER	Get-User	END	1639138062580
REQUEST		Single-User	1639138052299	1639138062584	KO	i.n.h.s.SslHandshakeTimeoutException: handshake timed out after 10000ms
USER	Get-User	END	1639138062585
REQUEST		Single-User	1639138052300	1639138062647	KO	i.n.h.s.SslHandshakeTimeoutException: handshake timed out after 10000ms
USER	Get-User	END	1639138062647
REQUEST		Single-User	1639138052300	1639138062648	KO	i.n.h.s.SslHandshakeTimeoutException: handshake timed out after 10000ms
REQUEST		Single-User	1639138052309	1639138062648	KO	i.n.h.s.SslHandshakeTimeoutException: handshake timed out after 10000ms
USER	Get-User	END	1639138062649
USER	Get-User	END	1639138062649
REQUEST		Single-User	1639138052310	1639138062649	KO	i.n.h.s.SslHandshakeTimeoutException: handshake timed out after 10000ms
REQUEST		Single-User	1639138052302	1639138062649	KO	i.n.h.s.SslHandshakeTimeoutException: handshake timed out after 10000ms
USER	Get-User	END	1639138062649
USER	Get-User	END	1639138062649
REQUEST		Single-User	1639138052311	1639138062650	KO	i.n.h.s.SslHandshakeTimeoutException: handshake timed out after 10000ms
REQUEST		Single-User	1639138052308	1639138062650	KO	i.n.h.s.SslHandshakeTimeoutException: handshake timed out after 10000ms
USER	Get-User	END	1639138062650
USER	Get-User	END	1639138062650
REQUEST		Single-User	1639138052217	1639138062650	KO	i.n.h.s.SslHandshakeTimeoutException: handshake timed out after 10000ms
USER	Get-User	END	1639138062650
REQUEST		Single-User	1639138052229	1639138062651	KO	i.n.h.s.SslHandshakeTimeoutException: handshake timed out after 10000ms
USER	Get-User	END	1639138062651
REQUEST		Single-User	1639138052301	1639138062651	KO	i.n.h.s.SslHandshakeTimeoutException: handshake timed out after 10000ms
USER	Get-User	END	1639138062651
REQUEST		Single-User	1639138052304	1639138062652	KO	i.n.h.s.SslHandshakeTimeoutException: handshake timed out after 10000ms
REQUEST		Single-User	1639138052238	1639138062652	KO	i.n.h.s.SslHandshakeTimeoutException: handshake timed out after 10000ms
REQUEST		Single-User	1639138052308	1639138062652	KO	i.n.h.s.SslHandshakeTimeoutException: handshake timed out after 10000ms
USER	Get-User	END	1639138062652
REQUEST		Single-User	1639138052312	1639138062652	KO	i.n.h.s.SslHandshakeTimeoutException: handshake timed out after 10000ms
REQUEST		Single-User	1639138052317	1639138062652	KO	i.n.h.s.SslHandshakeTimeoutException: handshake timed out after 10000ms
USER	Get-User	END	1639138062652
USER	Get-User	END	1639138062652
USER	Get-User	END	1639138062653
REQUEST		Single-User	1639138052239	1639138062652	KO	i.n.h.s.SslHandshakeTimeoutException: handshake timed out after 10000ms
USER	Get-User	END	1639138062653
USER	Get-User	END	1639138062653
REQUEST		Single-User	1639138052313	1639138062653	KO	i.n.h.s.SslHandshakeTimeoutException: handshake timed out after 10000ms
REQUEST		Single-User	1639138052318	1639138062653	KO	i.n.h.s.SslHandshakeTimeoutException: handshake timed out after 10000ms
USER	Get-User	END	1639138062654
USER	Get-User	END	1639138062654
REQUEST		Single-User	1639138052317	1639138062654	KO	i.n.h.s.SslHandshakeTimeoutException: handshake timed out after 10000ms
REQUEST		Single-User	1639138052310	1639138062654	KO	i.n.h.s.SslHandshakeTimeoutException: handshake timed out after 10000ms
USER	Get-User	END	1639138062654
USER	Get-User	END	1639138062654
REQUEST		Single-User	1639138052318	1639138062655	KO	i.n.h.s.SslHandshakeTimeoutException: handshake timed out after 10000ms
REQUEST		Single-User	1639138052317	1639138062655	KO	i.n.h.s.SslHandshakeTimeoutException: handshake timed out after 10000ms
USER	Get-User	END	1639138062655
USER	Get-User	END	1639138062655
REQUEST		Single-User	1639138052318	1639138062655	KO	i.n.h.s.SslHandshakeTimeoutException: handshake timed out after 10000ms
REQUEST		Single-User	1639138052240	1639138062655	KO	i.n.h.s.SslHandshakeTimeoutException: handshake timed out after 10000ms
REQUEST		Single-User	1639138052319	1639138062655	KO	i.n.h.s.SslHandshakeTimeoutException: handshake timed out after 10000ms
REQUEST		Single-User	1639138051920	1639138062655	KO	i.n.h.s.SslHandshakeTimeoutException: handshake timed out after 10000ms
USER	Get-User	END	1639138062655
USER	Get-User	END	1639138062656
USER	Get-User	END	1639138062656
REQUEST		Single-User	1639138052248	1639138062656	KO	i.n.h.s.SslHandshakeTimeoutException: handshake timed out after 10000ms
USER	Get-User	END	1639138062656
USER	Get-User	END	1639138062657
REQUEST		Single-User	1639138052325	1639138062657	KO	i.n.h.s.SslHandshakeTimeoutException: handshake timed out after 10000ms
REQUEST		Single-User	1639138052251	1639138062657	KO	i.n.h.s.SslHandshakeTimeoutException: handshake timed out after 10000ms
REQUEST		Single-User	1639138052326	1639138062657	KO	i.n.h.s.SslHandshakeTimeoutException: handshake timed out after 10000ms
REQUEST		Single-User	1639138052212	1639138062657	KO	i.n.h.s.SslHandshakeTimeoutException: handshake timed out after 10000ms
REQUEST		Single-User	1639138052252	1639138062657	KO	i.n.h.s.SslHandshakeTimeoutException: handshake timed out after 10000ms
REQUEST		Single-User	1639138052320	1639138062656	KO	i.n.h.s.SslHandshakeTimeoutException: handshake timed out after 10000ms
REQUEST		Single-User	1639138052214	1639138062658	KO	i.n.h.s.SslHandshakeTimeoutException: handshake timed out after 10000ms
REQUEST		Single-User	1639138052321	1639138062658	KO	i.n.h.s.SslHandshakeTimeoutException: handshake timed out after 10000ms
USER	Get-User	END	1639138062657
USER	Get-User	END	1639138062657
USER	Get-User	END	1639138062657
USER	Get-User	END	1639138062658
USER	Get-User	END	1639138062658
USER	Get-User	END	1639138062658
USER	Get-User	END	1639138062658
USER	Get-User	END	1639138062658
REQUEST		Single-User	1639138052253	1639138062659	KO	i.n.h.s.SslHandshakeTimeoutException: handshake timed out after 10000ms
USER	Get-User	END	1639138062659
REQUEST		Single-User	1639138052219	1639138062660	KO	i.n.h.s.SslHandshakeTimeoutException: handshake timed out after 10000ms
REQUEST		Single-User	1639138052327	1639138062660	KO	i.n.h.s.SslHandshakeTimeoutException: handshake timed out after 10000ms
USER	Get-User	END	1639138062660
USER	Get-User	END	1639138062660
REQUEST		Single-User	1639138052221	1639138062661	KO	i.n.h.s.SslHandshakeTimeoutException: handshake timed out after 10000ms
USER	Get-User	END	1639138062661
REQUEST		Single-User	1639138052255	1639138062661	KO	i.n.h.s.SslHandshakeTimeoutException: handshake timed out after 10000ms
REQUEST		Single-User	1639138052234	1639138062661	KO	i.n.h.s.SslHandshakeTimeoutException: handshake timed out after 10000ms
REQUEST		Single-User	1639138052268	1639138062662	KO	i.n.h.s.SslHandshakeTimeoutException: handshake timed out after 10000ms
REQUEST		Single-User	1639138052235	1639138062663	KO	i.n.h.s.SslHandshakeTimeoutException: handshake timed out after 10000ms
REQUEST		Single-User	1639138052243	1639138062663	KO	i.n.h.s.SslHandshakeTimeoutException: handshake timed out after 10000ms
REQUEST		Single-User	1639138052269	1639138062665	KO	i.n.h.s.SslHandshakeTimeoutException: handshake timed out after 10000ms
USER	Get-User	END	1639138062662
USER	Get-User	END	1639138062662
USER	Get-User	END	1639138062663
USER	Get-User	END	1639138062663
USER	Get-User	END	1639138062664
USER	Get-User	END	1639138062665
REQUEST		Single-User	1639138052271	1639138062665	KO	i.n.h.s.SslHandshakeTimeoutException: handshake timed out after 10000ms
USER	Get-User	END	1639138062666
REQUEST		Single-User	1639138052247	1639138062666	KO	i.n.h.s.SslHandshakeTimeoutException: handshake timed out after 10000ms
REQUEST		Single-User	1639138052272	1639138062666	KO	i.n.h.s.SslHandshakeTimeoutException: handshake timed out after 10000ms
USER	Get-User	END	1639138062666
USER	Get-User	END	1639138062666
REQUEST		Single-User	1639138052250	1639138062666	KO	i.n.h.s.SslHandshakeTimeoutException: handshake timed out after 10000ms
REQUEST		Single-User	1639138052273	1639138062667	KO	i.n.h.s.SslHandshakeTimeoutException: handshake timed out after 10000ms
USER	Get-User	END	1639138062667
REQUEST		Single-User	1639138052257	1639138062667	KO	i.n.h.s.SslHandshakeTimeoutException: handshake timed out after 10000ms
USER	Get-User	END	1639138062667
USER	Get-User	END	1639138062667
REQUEST		Single-User	1639138052282	1639138062667	KO	i.n.h.s.SslHandshakeTimeoutException: handshake timed out after 10000ms
REQUEST		Single-User	1639138052293	1639138062668	KO	i.n.h.s.SslHandshakeTimeoutException: handshake timed out after 10000ms
REQUEST		Single-User	1639138051921	1639138062668	KO	i.n.h.s.SslHandshakeTimeoutException: handshake timed out after 10000ms
REQUEST		Single-User	1639138052258	1639138062668	KO	i.n.h.s.SslHandshakeTimeoutException: handshake timed out after 10000ms
USER	Get-User	END	1639138062668
USER	Get-User	END	1639138062669
REQUEST		Single-User	1639138052302	1639138062670	KO	i.n.h.s.SslHandshakeTimeoutException: handshake timed out after 10000ms
REQUEST		Single-User	1639138052265	1639138062670	KO	i.n.h.s.SslHandshakeTimeoutException: handshake timed out after 10000ms
USER	Get-User	END	1639138062670
USER	Get-User	END	1639138062670
USER	Get-User	END	1639138062670
USER	Get-User	END	1639138062670
REQUEST		Single-User	1639138052303	1639138062670	KO	i.n.h.s.SslHandshakeTimeoutException: handshake timed out after 10000ms
USER	Get-User	END	1639138062671
REQUEST		Single-User	1639138052304	1639138062671	KO	i.n.h.s.SslHandshakeTimeoutException: handshake timed out after 10000ms
USER	Get-User	END	1639138062671
REQUEST		Single-User	1639138052304	1639138062671	KO	i.n.h.s.SslHandshakeTimeoutException: handshake timed out after 10000ms
USER	Get-User	END	1639138062672
REQUEST		Single-User	1639138052305	1639138062676	KO	i.n.h.s.SslHandshakeTimeoutException: handshake timed out after 10000ms
USER	Get-User	END	1639138062676
REQUEST		Single-User	1639138052266	1639138064023	KO	i.n.h.s.SslHandshakeTimeoutException: handshake timed out after 10000ms
REQUEST		Single-User	1639138052235	1639138064023	KO	i.n.h.s.SslHandshakeTimeoutException: handshake timed out after 10000ms
USER	Get-User	END	1639138064025
USER	Get-User	END	1639138064025
REQUEST		Single-User	1639138051920	1639138064024	KO	i.n.h.s.SslHandshakeTimeoutException: handshake timed out after 10000ms
USER	Get-User	END	1639138064025
REQUEST		Single-User	1639138052214	1639138064025	KO	i.n.h.s.SslHandshakeTimeoutException: handshake timed out after 10000ms
REQUEST		Single-User	1639138052267	1639138064025	KO	i.n.h.s.SslHandshakeTimeoutException: handshake timed out after 10000ms
REQUEST		Single-User	1639138052244	1639138064025	KO	i.n.h.s.SslHandshakeTimeoutException: handshake timed out after 10000ms
USER	Get-User	END	1639138064026
USER	Get-User	END	1639138064026
USER	Get-User	END	1639138064026
REQUEST		Single-User	1639138052276	1639138064026	KO	i.n.h.s.SslHandshakeTimeoutException: handshake timed out after 10000ms
REQUEST		Single-User	1639138052245	1639138064026	KO	i.n.h.s.SslHandshakeTimeoutException: handshake timed out after 10000ms
USER	Get-User	END	1639138064026
USER	Get-User	END	1639138064026
REQUEST		Single-User	1639138052217	1639138064026	KO	i.n.h.s.SslHandshakeTimeoutException: handshake timed out after 10000ms
USER	Get-User	END	1639138064027
REQUEST		Single-User	1639138052287	1639138064027	KO	i.n.h.s.SslHandshakeTimeoutException: handshake timed out after 10000ms
USER	Get-User	END	1639138064027
REQUEST		Single-User	1639138052232	1639138064027	KO	i.n.h.s.SslHandshakeTimeoutException: handshake timed out after 10000ms
REQUEST		Single-User	1639138052248	1639138064027	KO	i.n.h.s.SslHandshakeTimeoutException: handshake timed out after 10000ms
USER	Get-User	END	1639138064028
USER	Get-User	END	1639138064028
REQUEST		Single-User	1639138052252	1639138064028	KO	i.n.h.s.SslHandshakeTimeoutException: handshake timed out after 10000ms
REQUEST		Single-User	1639138052288	1639138064028	KO	i.n.h.s.SslHandshakeTimeoutException: handshake timed out after 10000ms
USER	Get-User	END	1639138064028
USER	Get-User	END	1639138064028
REQUEST		Single-User	1639138052233	1639138064028	KO	i.n.h.s.SslHandshakeTimeoutException: handshake timed out after 10000ms
USER	Get-User	END	1639138064029
REQUEST		Single-User	1639138052288	1639138064029	KO	i.n.h.s.SslHandshakeTimeoutException: handshake timed out after 10000ms
REQUEST		Single-User	1639138052266	1639138064029	KO	i.n.h.s.SslHandshakeTimeoutException: handshake timed out after 10000ms
REQUEST		Single-User	1639138052235	1639138064029	KO	i.n.h.s.SslHandshakeTimeoutException: handshake timed out after 10000ms
USER	Get-User	END	1639138064029
USER	Get-User	END	1639138064029
USER	Get-User	END	1639138064030
REQUEST		Single-User	1639138052297	1639138064030	KO	i.n.h.s.SslHandshakeTimeoutException: handshake timed out after 10000ms
REQUEST		Single-User	1639138052245	1639138064030	KO	i.n.h.s.SslHandshakeTimeoutException: handshake timed out after 10000ms
REQUEST		Single-User	1639138052276	1639138064030	KO	i.n.h.s.SslHandshakeTimeoutException: handshake timed out after 10000ms
USER	Get-User	END	1639138064031
USER	Get-User	END	1639138064031
USER	Get-User	END	1639138064031
REQUEST		Single-User	1639138052246	1639138064031	KO	i.n.h.s.SslHandshakeTimeoutException: handshake timed out after 10000ms
REQUEST		Single-User	1639138052277	1639138064031	KO	i.n.h.s.SslHandshakeTimeoutException: handshake timed out after 10000ms
REQUEST		Single-User	1639138052297	1639138064031	KO	i.n.h.s.SslHandshakeTimeoutException: handshake timed out after 10000ms
USER	Get-User	END	1639138064032
USER	Get-User	END	1639138064032
USER	Get-User	END	1639138064032
REQUEST		Single-User	1639138052287	1639138064032	KO	i.n.h.s.SslHandshakeTimeoutException: handshake timed out after 10000ms
REQUEST		Single-User	1639138052298	1639138064032	KO	i.n.h.s.SslHandshakeTimeoutException: handshake timed out after 10000ms
REQUEST		Single-User	1639138052246	1639138064032	KO	i.n.h.s.SslHandshakeTimeoutException: handshake timed out after 10000ms
USER	Get-User	END	1639138064033
USER	Get-User	END	1639138064033
USER	Get-User	END	1639138064033
REQUEST		Single-User	1639138052296	1639138064033	KO	i.n.h.s.SslHandshakeTimeoutException: handshake timed out after 10000ms
REQUEST		Single-User	1639138052299	1639138064033	KO	i.n.h.s.SslHandshakeTimeoutException: handshake timed out after 10000ms
USER	Get-User	END	1639138064033
USER	Get-User	END	1639138064033
REQUEST		Single-User	1639138052259	1639138064033	KO	i.n.h.s.SslHandshakeTimeoutException: handshake timed out after 10000ms
REQUEST		Single-User	1639138052297	1639138064034	KO	i.n.h.s.SslHandshakeTimeoutException: handshake timed out after 10000ms
USER	Get-User	END	1639138064034
USER	Get-User	END	1639138064034
REQUEST		Single-User	1639138052271	1639138064034	KO	i.n.h.s.SslHandshakeTimeoutException: handshake timed out after 10000ms
USER	Get-User	END	1639138064035
REQUEST		Single-User	1639138052297	1639138064041	KO	i.n.h.s.SslHandshakeTimeoutException: handshake timed out after 10000ms
REQUEST		Single-User	1639138052279	1639138064041	KO	i.n.h.s.SslHandshakeTimeoutException: handshake timed out after 10000ms
USER	Get-User	END	1639138064041
USER	Get-User	END	1639138064041
REQUEST		Single-User	1639138051922	1639138064042	KO	i.n.h.s.SslHandshakeTimeoutException: handshake timed out after 10000ms
REQUEST		Single-User	1639138052298	1639138064042	KO	i.n.h.s.SslHandshakeTimeoutException: handshake timed out after 10000ms
REQUEST		Single-User	1639138052279	1639138064042	KO	i.n.h.s.SslHandshakeTimeoutException: handshake timed out after 10000ms
REQUEST		Single-User	1639138052299	1639138064042	KO	i.n.h.s.SslHandshakeTimeoutException: handshake timed out after 10000ms
REQUEST		Single-User	1639138052306	1639138064042	KO	i.n.h.s.SslHandshakeTimeoutException: handshake timed out after 10000ms
USER	Get-User	END	1639138064042
USER	Get-User	END	1639138064042
USER	Get-User	END	1639138064042
USER	Get-User	END	1639138064043
USER	Get-User	END	1639138064043
REQUEST		Single-User	1639138052243	1639138064043	KO	i.n.h.s.SslHandshakeTimeoutException: handshake timed out after 10000ms
REQUEST		Single-User	1639138052307	1639138064043	KO	i.n.h.s.SslHandshakeTimeoutException: handshake timed out after 10000ms
REQUEST		Single-User	1639138052299	1639138064044	KO	i.n.h.s.SslHandshakeTimeoutException: handshake timed out after 10000ms
REQUEST		Single-User	1639138052308	1639138064044	KO	i.n.h.s.SslHandshakeTimeoutException: handshake timed out after 10000ms
REQUEST		Single-User	1639138052300	1639138064044	KO	i.n.h.s.SslHandshakeTimeoutException: handshake timed out after 10000ms
REQUEST		Single-User	1639138052280	1639138064043	KO	i.n.h.s.SslHandshakeTimeoutException: handshake timed out after 10000ms
REQUEST		Single-User	1639138052244	1639138064044	KO	i.n.h.s.SslHandshakeTimeoutException: handshake timed out after 10000ms
USER	Get-User	END	1639138064043
USER	Get-User	END	1639138064044
USER	Get-User	END	1639138064044
USER	Get-User	END	1639138064044
USER	Get-User	END	1639138064044
USER	Get-User	END	1639138064044
USER	Get-User	END	1639138064045
REQUEST		Single-User	1639138052281	1639138064045	KO	i.n.h.s.SslHandshakeTimeoutException: handshake timed out after 10000ms
USER	Get-User	END	1639138064045
REQUEST		Single-User	1639138052250	1639138064045	KO	i.n.h.s.SslHandshakeTimeoutException: handshake timed out after 10000ms
REQUEST		Single-User	1639138052291	1639138064045	KO	i.n.h.s.SslHandshakeTimeoutException: handshake timed out after 10000ms
USER	Get-User	END	1639138064046
USER	Get-User	END	1639138064046
REQUEST		Single-User	1639138052256	1639138064046	KO	i.n.h.s.SslHandshakeTimeoutException: handshake timed out after 10000ms
REQUEST		Single-User	1639138052291	1639138064046	KO	i.n.h.s.SslHandshakeTimeoutException: handshake timed out after 10000ms
USER	Get-User	END	1639138064046
USER	Get-User	END	1639138064046
REQUEST		Single-User	1639138052308	1639138064046	KO	i.n.h.s.SslHandshakeTimeoutException: handshake timed out after 10000ms
REQUEST		Single-User	1639138052303	1639138064046	KO	i.n.h.s.SslHandshakeTimeoutException: handshake timed out after 10000ms
USER	Get-User	END	1639138064047
USER	Get-User	END	1639138064047
REQUEST		Single-User	1639138052266	1639138064047	KO	i.n.h.s.SslHandshakeTimeoutException: handshake timed out after 10000ms
REQUEST		Single-User	1639138052292	1639138064047	KO	i.n.h.s.SslHandshakeTimeoutException: handshake timed out after 10000ms
USER	Get-User	END	1639138064047
USER	Get-User	END	1639138064047
REQUEST		Single-User	1639138052303	1639138064047	KO	i.n.h.s.SslHandshakeTimeoutException: handshake timed out after 10000ms
REQUEST		Single-User	1639138052323	1639138064047	KO	i.n.h.s.SslHandshakeTimeoutException: handshake timed out after 10000ms
USER	Get-User	END	1639138064047
USER	Get-User	END	1639138064047
REQUEST		Single-User	1639138052293	1639138064047	KO	i.n.h.s.SslHandshakeTimeoutException: handshake timed out after 10000ms
REQUEST		Single-User	1639138052267	1639138064047	KO	i.n.h.s.SslHandshakeTimeoutException: handshake timed out after 10000ms
USER	Get-User	END	1639138064048
USER	Get-User	END	1639138064048
REQUEST		Single-User	1639138052304	1639138064048	KO	i.n.h.s.SslHandshakeTimeoutException: handshake timed out after 10000ms
REQUEST		Single-User	1639138052324	1639138064048	KO	i.n.h.s.SslHandshakeTimeoutException: handshake timed out after 10000ms
USER	Get-User	END	1639138064048
USER	Get-User	END	1639138064048
REQUEST		Single-User	1639138052310	1639138064048	KO	i.n.h.s.SslHandshakeTimeoutException: handshake timed out after 10000ms
REQUEST		Single-User	1639138052325	1639138064048	KO	i.n.h.s.SslHandshakeTimeoutException: handshake timed out after 10000ms
USER	Get-User	END	1639138064048
USER	Get-User	END	1639138064048
REQUEST		Single-User	1639138052299	1639138064050	KO	i.n.h.s.SslHandshakeTimeoutException: handshake timed out after 10000ms
REQUEST		Single-User	1639138052268	1639138064050	KO	i.n.h.s.SslHandshakeTimeoutException: handshake timed out after 10000ms
USER	Get-User	END	1639138064051
USER	Get-User	END	1639138064051
REQUEST		Single-User	1639138052268	1639138064051	KO	i.n.h.s.SslHandshakeTimeoutException: handshake timed out after 10000ms
USER	Get-User	END	1639138064051
REQUEST		Single-User	1639138052331	1639138064051	KO	i.n.h.s.SslHandshakeTimeoutException: handshake timed out after 10000ms
REQUEST		Single-User	1639138052311	1639138064051	KO	i.n.h.s.SslHandshakeTimeoutException: handshake timed out after 10000ms
USER	Get-User	END	1639138064052
USER	Get-User	END	1639138064052
REQUEST		Single-User	1639138052312	1639138064052	KO	i.n.h.s.SslHandshakeTimeoutException: handshake timed out after 10000ms
REQUEST		Single-User	1639138052331	1639138064052	KO	i.n.h.s.SslHandshakeTimeoutException: handshake timed out after 10000ms
USER	Get-User	END	1639138064052
USER	Get-User	END	1639138064052
REQUEST		Single-User	1639138052300	1639138064052	KO	i.n.h.s.SslHandshakeTimeoutException: handshake timed out after 10000ms
USER	Get-User	END	1639138064053
REQUEST		Single-User	1639138052269	1639138064053	KO	i.n.h.s.SslHandshakeTimeoutException: handshake timed out after 10000ms
USER	Get-User	END	1639138064054
REQUEST		Single-User	1639138052312	1639138064055	KO	i.n.h.s.SslHandshakeTimeoutException: handshake timed out after 10000ms
REQUEST		Single-User	1639138052302	1639138064055	KO	i.n.h.s.SslHandshakeTimeoutException: handshake timed out after 10000ms
USER	Get-User	END	1639138064056
USER	Get-User	END	1639138064056
REQUEST		Single-User	1639138052307	1639138064057	KO	i.n.h.s.SslHandshakeTimeoutException: handshake timed out after 10000ms
REQUEST		Single-User	1639138052270	1639138064057	KO	i.n.h.s.SslHandshakeTimeoutException: handshake timed out after 10000ms
USER	Get-User	END	1639138064058
USER	Get-User	END	1639138064058
REQUEST		Single-User	1639138052313	1639138064058	KO	i.n.h.s.SslHandshakeTimeoutException: handshake timed out after 10000ms
USER	Get-User	END	1639138064058
REQUEST		Single-User	1639138052308	1639138064058	KO	i.n.h.s.SslHandshakeTimeoutException: handshake timed out after 10000ms
REQUEST		Single-User	1639138052271	1639138064058	KO	i.n.h.s.SslHandshakeTimeoutException: handshake timed out after 10000ms
USER	Get-User	END	1639138064058
USER	Get-User	END	1639138064058
REQUEST		Single-User	1639138052305	1639138064059	KO	i.n.h.s.SslHandshakeTimeoutException: handshake timed out after 10000ms
USER	Get-User	END	1639138064060
REQUEST		Single-User	1639138052306	1639138064060	KO	i.n.h.s.SslHandshakeTimeoutException: handshake timed out after 10000ms
USER	Get-User	END	1639138064060
REQUEST		Single-User	1639138052308	1639138064060	KO	i.n.h.s.SslHandshakeTimeoutException: handshake timed out after 10000ms
REQUEST		Single-User	1639138052271	1639138064060	KO	i.n.h.s.SslHandshakeTimeoutException: handshake timed out after 10000ms
USER	Get-User	END	1639138064061
REQUEST		Single-User	1639138052313	1639138064060	KO	i.n.h.s.SslHandshakeTimeoutException: handshake timed out after 10000ms
USER	Get-User	END	1639138064061
USER	Get-User	END	1639138064061
REQUEST		Single-User	1639138052317	1639138064061	KO	i.n.h.s.SslHandshakeTimeoutException: handshake timed out after 10000ms
REQUEST		Single-User	1639138052321	1639138064061	KO	i.n.h.s.SslHandshakeTimeoutException: handshake timed out after 10000ms
REQUEST		Single-User	1639138052318	1639138064061	KO	i.n.h.s.SslHandshakeTimeoutException: handshake timed out after 10000ms
USER	Get-User	END	1639138064061
USER	Get-User	END	1639138064061
USER	Get-User	END	1639138064062
REQUEST		Single-User	1639138052272	1639138064061	KO	i.n.h.s.SslHandshakeTimeoutException: handshake timed out after 10000ms
REQUEST		Single-User	1639138052323	1639138064061	KO	i.n.h.s.SslHandshakeTimeoutException: handshake timed out after 10000ms
USER	Get-User	END	1639138064062
USER	Get-User	END	1639138064062
REQUEST		Single-User	1639138052324	1639138064062	KO	i.n.h.s.SslHandshakeTimeoutException: handshake timed out after 10000ms
REQUEST		Single-User	1639138052282	1639138064063	KO	i.n.h.s.SslHandshakeTimeoutException: handshake timed out after 10000ms
USER	Get-User	END	1639138064063
USER	Get-User	END	1639138064063
REQUEST		Single-User	1639138052327	1639138064063	KO	i.n.h.s.SslHandshakeTimeoutException: handshake timed out after 10000ms
USER	Get-User	END	1639138064063
REQUEST		Single-User	1639138052283	1639138064063	KO	i.n.h.s.SslHandshakeTimeoutException: handshake timed out after 10000ms
REQUEST		Single-User	1639138052325	1639138064063	KO	i.n.h.s.SslHandshakeTimeoutException: handshake timed out after 10000ms
REQUEST		Single-User	1639138052328	1639138064063	KO	i.n.h.s.SslHandshakeTimeoutException: handshake timed out after 10000ms
USER	Get-User	END	1639138064063
USER	Get-User	END	1639138064063
USER	Get-User	END	1639138064063
REQUEST		Single-User	1639138052284	1639138064063	KO	i.n.h.s.SslHandshakeTimeoutException: handshake timed out after 10000ms
USER	Get-User	END	1639138064064
REQUEST		Single-User	1639138052294	1639138064064	KO	i.n.h.s.SslHandshakeTimeoutException: handshake timed out after 10000ms
USER	Get-User	END	1639138064064
REQUEST		Single-User	1639138052306	1639138064064	KO	i.n.h.s.SslHandshakeTimeoutException: handshake timed out after 10000ms
USER	Get-User	END	1639138064065
REQUEST		Single-User	1639138052307	1639138064065	KO	i.n.h.s.SslHandshakeTimeoutException: handshake timed out after 10000ms
USER	Get-User	END	1639138064065
REQUEST		Single-User	1639138052314	1639138064065	KO	i.n.h.s.SslHandshakeTimeoutException: handshake timed out after 10000ms
USER	Get-User	END	1639138064065
REQUEST		Single-User	1639138052329	1639138064065	KO	i.n.h.s.SslHandshakeTimeoutException: handshake timed out after 10000ms
REQUEST		Single-User	1639138052330	1639138064065	KO	i.n.h.s.SslHandshakeTimeoutException: handshake timed out after 10000ms
USER	Get-User	END	1639138064066
USER	Get-User	END	1639138064066
REQUEST		Single-User	1639138052330	1639138064066	KO	i.n.h.s.SslHandshakeTimeoutException: handshake timed out after 10000ms
USER	Get-User	END	1639138064066
REQUEST		Single-User	1639138052333	1639138064066	KO	i.n.h.s.SslHandshakeTimeoutException: handshake timed out after 10000ms
USER	Get-User	END	1639138064066
REQUEST		Single-User	1639138052296	1639138064066	KO	i.n.h.s.SslHandshakeTimeoutException: handshake timed out after 10000ms
USER	Get-User	END	1639138064067
REQUEST		Single-User	1639138052300	1639138064067	KO	i.n.h.s.SslHandshakeTimeoutException: handshake timed out after 10000ms
USER	Get-User	END	1639138064067
REQUEST		Single-User	1639138052303	1639138064067	KO	i.n.h.s.SslHandshakeTimeoutException: handshake timed out after 10000ms
USER	Get-User	END	1639138064067
REQUEST		Single-User	1639138052304	1639138064067	KO	i.n.h.s.SslHandshakeTimeoutException: handshake timed out after 10000ms
REQUEST		Single-User	1639138052322	1639138064067	KO	i.n.h.s.SslHandshakeTimeoutException: handshake timed out after 10000ms
REQUEST		Single-User	1639138051921	1639138064067	KO	i.n.h.s.SslHandshakeTimeoutException: handshake timed out after 10000ms
USER	Get-User	END	1639138064068
USER	Get-User	END	1639138064068
REQUEST		Single-User	1639138052323	1639138064068	KO	i.n.h.s.SslHandshakeTimeoutException: handshake timed out after 10000ms
USER	Get-User	END	1639138064068
REQUEST		Single-User	1639138052227	1639138064068	KO	i.n.h.s.SslHandshakeTimeoutException: handshake timed out after 10000ms
REQUEST		Single-User	1639138052309	1639138064068	KO	i.n.h.s.SslHandshakeTimeoutException: handshake timed out after 10000ms
USER	Get-User	END	1639138064068
USER	Get-User	END	1639138064068
USER	Get-User	END	1639138064068
REQUEST		Single-User	1639138052323	1639138064068	KO	i.n.h.s.SslHandshakeTimeoutException: handshake timed out after 10000ms
USER	Get-User	END	1639138064069
REQUEST		Single-User	1639138051921	1639138064070	KO	i.n.h.s.SslHandshakeTimeoutException: handshake timed out after 10000ms
REQUEST		Single-User	1639138052228	1639138064070	KO	i.n.h.s.SslHandshakeTimeoutException: handshake timed out after 10000ms
REQUEST		Single-User	1639138052318	1639138064070	KO	i.n.h.s.SslHandshakeTimeoutException: handshake timed out after 10000ms
USER	Get-User	END	1639138064071
USER	Get-User	END	1639138064071
USER	Get-User	END	1639138064071
REQUEST		Single-User	1639138052319	1639138064071	KO	i.n.h.s.SslHandshakeTimeoutException: handshake timed out after 10000ms
REQUEST		Single-User	1639138052236	1639138064071	KO	i.n.h.s.SslHandshakeTimeoutException: handshake timed out after 10000ms
USER	Get-User	END	1639138064071
USER	Get-User	END	1639138064071
REQUEST		Single-User	1639138052319	1639138064071	KO	i.n.h.s.SslHandshakeTimeoutException: handshake timed out after 10000ms
USER	Get-User	END	1639138064071
REQUEST		Single-User	1639138052237	1639138064071	KO	i.n.h.s.SslHandshakeTimeoutException: handshake timed out after 10000ms
USER	Get-User	END	1639138064071
REQUEST		Single-User	1639138052320	1639138064072	KO	i.n.h.s.SslHandshakeTimeoutException: handshake timed out after 10000ms
REQUEST		Single-User	1639138052239	1639138064072	KO	i.n.h.s.SslHandshakeTimeoutException: handshake timed out after 10000ms
USER	Get-User	END	1639138064072
USER	Get-User	END	1639138064072
REQUEST		Single-User	1639138052321	1639138064072	KO	i.n.h.s.SslHandshakeTimeoutException: handshake timed out after 10000ms
USER	Get-User	END	1639138064072
REQUEST		Single-User	1639138052322	1639138064074	KO	i.n.h.s.SslHandshakeTimeoutException: handshake timed out after 10000ms
USER	Get-User	END	1639138064075
REQUEST		Single-User	1639138052247	1639138064075	KO	i.n.h.s.SslHandshakeTimeoutException: handshake timed out after 10000ms
REQUEST		Single-User	1639138052223	1639138064075	KO	i.n.h.s.SslHandshakeTimeoutException: handshake timed out after 10000ms
USER	Get-User	END	1639138064076
USER	Get-User	END	1639138064076
REQUEST		Single-User	1639138052234	1639138064076	KO	i.n.h.s.SslHandshakeTimeoutException: handshake timed out after 10000ms
USER	Get-User	END	1639138064076
REQUEST		Single-User	1639138052251	1639138064076	KO	i.n.h.s.SslHandshakeTimeoutException: handshake timed out after 10000ms
USER	Get-User	END	1639138064076
REQUEST		Single-User	1639138052334	1639138064076	KO	i.n.h.s.SslHandshakeTimeoutException: handshake timed out after 10000ms
USER	Get-User	END	1639138064076
REQUEST		Single-User	1639138052335	1639138064077	KO	i.n.h.s.SslHandshakeTimeoutException: handshake timed out after 10000ms
USER	Get-User	END	1639138064077
REQUEST		Single-User	1639138052260	1639138064078	KO	i.n.h.s.SslHandshakeTimeoutException: handshake timed out after 10000ms
REQUEST		Single-User	1639138052243	1639138064078	KO	i.n.h.s.SslHandshakeTimeoutException: handshake timed out after 10000ms
USER	Get-User	END	1639138064079
USER	Get-User	END	1639138064079
REQUEST		Single-User	1639138052246	1639138064079	KO	i.n.h.s.SslHandshakeTimeoutException: handshake timed out after 10000ms
REQUEST		Single-User	1639138052260	1639138064079	KO	i.n.h.s.SslHandshakeTimeoutException: handshake timed out after 10000ms
USER	Get-User	END	1639138064079
USER	Get-User	END	1639138064079
REQUEST		Single-User	1639138052261	1639138064079	KO	i.n.h.s.SslHandshakeTimeoutException: handshake timed out after 10000ms
REQUEST		Single-User	1639138052259	1639138064079	KO	i.n.h.s.SslHandshakeTimeoutException: handshake timed out after 10000ms
USER	Get-User	END	1639138064079
USER	Get-User	END	1639138064079
REQUEST		Single-User	1639138052263	1639138064080	KO	i.n.h.s.SslHandshakeTimeoutException: handshake timed out after 10000ms
REQUEST		Single-User	1639138052260	1639138064080	KO	i.n.h.s.SslHandshakeTimeoutException: handshake timed out after 10000ms
USER	Get-User	END	1639138064080
USER	Get-User	END	1639138064080
REQUEST		Single-User	1639138052260	1639138064080	KO	i.n.h.s.SslHandshakeTimeoutException: handshake timed out after 10000ms
USER	Get-User	END	1639138064080
REQUEST		Single-User	1639138052264	1639138064081	KO	i.n.h.s.SslHandshakeTimeoutException: handshake timed out after 10000ms
REQUEST		Single-User	1639138052264	1639138064081	KO	i.n.h.s.SslHandshakeTimeoutException: handshake timed out after 10000ms
USER	Get-User	END	1639138064082
USER	Get-User	END	1639138064082
REQUEST		Single-User	1639138052274	1639138064082	KO	i.n.h.s.SslHandshakeTimeoutException: handshake timed out after 10000ms
REQUEST		Single-User	1639138052265	1639138064082	KO	i.n.h.s.SslHandshakeTimeoutException: handshake timed out after 10000ms
USER	Get-User	END	1639138064082
USER	Get-User	END	1639138064082
REQUEST		Single-User	1639138052275	1639138064082	KO	i.n.h.s.SslHandshakeTimeoutException: handshake timed out after 10000ms
REQUEST		Single-User	1639138052275	1639138064082	KO	i.n.h.s.SslHandshakeTimeoutException: handshake timed out after 10000ms
USER	Get-User	END	1639138064083
USER	Get-User	END	1639138064083
REQUEST		Single-User	1639138052285	1639138064083	KO	i.n.h.s.SslHandshakeTimeoutException: handshake timed out after 10000ms
REQUEST		Single-User	1639138052275	1639138064083	KO	i.n.h.s.SslHandshakeTimeoutException: handshake timed out after 10000ms
USER	Get-User	END	1639138064083
USER	Get-User	END	1639138064083
REQUEST		Single-User	1639138052286	1639138064083	KO	i.n.h.s.SslHandshakeTimeoutException: handshake timed out after 10000ms
USER	Get-User	END	1639138064083
REQUEST		Single-User	1639138052290	1639138064084	KO	i.n.h.s.SslHandshakeTimeoutException: handshake timed out after 10000ms
USER	Get-User	END	1639138064085
REQUEST		Single-User	1639138052291	1639138064085	KO	i.n.h.s.SslHandshakeTimeoutException: handshake timed out after 10000ms
USER	Get-User	END	1639138064085
REQUEST		Single-User	1639138052294	1639138064085	KO	i.n.h.s.SslHandshakeTimeoutException: handshake timed out after 10000ms
USER	Get-User	END	1639138064085
REQUEST		Single-User	1639138052295	1639138064086	KO	i.n.h.s.SslHandshakeTimeoutException: handshake timed out after 10000ms
USER	Get-User	END	1639138064086
REQUEST		Single-User	1639138052300	1639138064086	KO	i.n.h.s.SslHandshakeTimeoutException: handshake timed out after 10000ms
USER	Get-User	END	1639138064086
REQUEST		Single-User	1639138052303	1639138064086	KO	i.n.h.s.SslHandshakeTimeoutException: handshake timed out after 10000ms
USER	Get-User	END	1639138064086
REQUEST		Single-User	1639138052304	1639138064088	KO	i.n.h.s.SslHandshakeTimeoutException: handshake timed out after 10000ms
USER	Get-User	END	1639138064089
REQUEST		Single-User	1639138052305	1639138064089	KO	i.n.h.s.SslHandshakeTimeoutException: handshake timed out after 10000ms
USER	Get-User	END	1639138064089
REQUEST		Single-User	1639138052310	1639138064089	KO	i.n.h.s.SslHandshakeTimeoutException: handshake timed out after 10000ms
USER	Get-User	END	1639138064089
REQUEST		Single-User	1639138052320	1639138064089	KO	i.n.h.s.SslHandshakeTimeoutException: handshake timed out after 10000ms
USER	Get-User	END	1639138064089
REQUEST		Single-User	1639138052321	1639138064089	KO	i.n.h.s.SslHandshakeTimeoutException: handshake timed out after 10000ms
USER	Get-User	END	1639138064090
REQUEST		Single-User	1639138052294	1639138064120	KO	i.n.h.s.SslHandshakeTimeoutException: handshake timed out after 10000ms
REQUEST		Single-User	1639138052328	1639138064120	KO	i.n.h.s.SslHandshakeTimeoutException: handshake timed out after 10000ms
USER	Get-User	END	1639138064121
USER	Get-User	END	1639138064121
REQUEST		Single-User	1639138052295	1639138064121	KO	i.n.h.s.SslHandshakeTimeoutException: handshake timed out after 10000ms
USER	Get-User	END	1639138064121
REQUEST		Single-User	1639138052329	1639138064122	KO	i.n.h.s.SslHandshakeTimeoutException: handshake timed out after 10000ms
USER	Get-User	END	1639138064123
REQUEST		Single-User	1639138052330	1639138064123	KO	i.n.h.s.SslHandshakeTimeoutException: handshake timed out after 10000ms
USER	Get-User	END	1639138064123
REQUEST		Single-User	1639138052295	1639138064123	KO	i.n.h.s.SslHandshakeTimeoutException: handshake timed out after 10000ms
REQUEST		Single-User	1639138052338	1639138064123	KO	i.n.h.s.SslHandshakeTimeoutException: handshake timed out after 10000ms
USER	Get-User	END	1639138064124
USER	Get-User	END	1639138064124
REQUEST		Single-User	1639138052296	1639138064124	KO	i.n.h.s.SslHandshakeTimeoutException: handshake timed out after 10000ms
USER	Get-User	END	1639138064124
REQUEST		Single-User	1639138052303	1639138064125	KO	i.n.h.s.SslHandshakeTimeoutException: handshake timed out after 10000ms
USER	Get-User	END	1639138064125
REQUEST		Single-User	1639138052305	1639138064125	KO	i.n.h.s.SslHandshakeTimeoutException: handshake timed out after 10000ms
REQUEST		Single-User	1639138051921	1639138064126	KO	i.n.h.s.SslHandshakeTimeoutException: handshake timed out after 10000ms
USER	Get-User	END	1639138064126
USER	Get-User	END	1639138064126
REQUEST		Single-User	1639138052305	1639138064126	KO	i.n.h.s.SslHandshakeTimeoutException: handshake timed out after 10000ms
REQUEST		Single-User	1639138052227	1639138064126	KO	i.n.h.s.SslHandshakeTimeoutException: handshake timed out after 10000ms
USER	Get-User	END	1639138064126
USER	Get-User	END	1639138064126
REQUEST		Single-User	1639138052306	1639138064127	KO	i.n.h.s.SslHandshakeTimeoutException: handshake timed out after 10000ms
USER	Get-User	END	1639138064128
REQUEST		Single-User	1639138052311	1639138064128	KO	i.n.h.s.SslHandshakeTimeoutException: handshake timed out after 10000ms
USER	Get-User	END	1639138064128
REQUEST		Single-User	1639138052312	1639138064128	KO	i.n.h.s.SslHandshakeTimeoutException: handshake timed out after 10000ms
USER	Get-User	END	1639138064128
REQUEST		Single-User	1639138052313	1639138064128	KO	i.n.h.s.SslHandshakeTimeoutException: handshake timed out after 10000ms
USER	Get-User	END	1639138064128
REQUEST		Single-User	1639138052313	1639138064128	KO	i.n.h.s.SslHandshakeTimeoutException: handshake timed out after 10000ms
USER	Get-User	END	1639138064129
REQUEST		Single-User	1639138052314	1639138064129	KO	i.n.h.s.SslHandshakeTimeoutException: handshake timed out after 10000ms
USER	Get-User	END	1639138064129
REQUEST		Single-User	1639138052314	1639138064130	KO	i.n.h.s.SslHandshakeTimeoutException: handshake timed out after 10000ms
USER	Get-User	END	1639138064130
REQUEST		Single-User	1639138052234	1639138064157	KO	i.n.h.s.SslHandshakeTimeoutException: handshake timed out after 10000ms
USER	Get-User	END	1639138064157
REQUEST		Single-User	1639138052315	1639138064158	KO	i.n.h.s.SslHandshakeTimeoutException: handshake timed out after 10000ms
USER	Get-User	END	1639138064158
REQUEST		Single-User	1639138052323	1639138064158	KO	i.n.h.s.SslHandshakeTimeoutException: handshake timed out after 10000ms
USER	Get-User	END	1639138064158
REQUEST		Single-User	1639138052235	1639138064159	KO	i.n.h.s.SslHandshakeTimeoutException: handshake timed out after 10000ms
USER	Get-User	END	1639138064159
REQUEST		Single-User	1639138052244	1639138064159	KO	i.n.h.s.SslHandshakeTimeoutException: handshake timed out after 10000ms
USER	Get-User	END	1639138064159
REQUEST		Single-User	1639138052252	1639138064201	KO	i.n.h.s.SslHandshakeTimeoutException: handshake timed out after 10000ms
REQUEST		Single-User	1639138052327	1639138064201	KO	i.n.h.s.SslHandshakeTimeoutException: handshake timed out after 10000ms
USER	Get-User	END	1639138064202
USER	Get-User	END	1639138064202
REQUEST		Single-User	1639138052253	1639138064203	KO	i.n.h.s.SslHandshakeTimeoutException: handshake timed out after 10000ms
REQUEST		Single-User	1639138052339	1639138064203	KO	i.n.h.s.SslHandshakeTimeoutException: handshake timed out after 10000ms
USER	Get-User	END	1639138064204
USER	Get-User	END	1639138064204
REQUEST		Single-User	1639138052265	1639138064204	KO	i.n.h.s.SslHandshakeTimeoutException: handshake timed out after 10000ms
USER	Get-User	END	1639138064204
REQUEST		Single-User	1639138051920	1639138064204	KO	i.n.h.s.SslHandshakeTimeoutException: handshake timed out after 10000ms
USER	Get-User	END	1639138064204
REQUEST		Single-User	1639138052284	1639138064206	KO	i.n.h.s.SslHandshakeTimeoutException: handshake timed out after 10000ms
USER	Get-User	END	1639138064207
REQUEST		Single-User	1639138052285	1639138064207	KO	i.n.h.s.SslHandshakeTimeoutException: handshake timed out after 10000ms
USER	Get-User	END	1639138064207
REQUEST		Single-User	1639138052286	1639138064207	KO	i.n.h.s.SslHandshakeTimeoutException: handshake timed out after 10000ms
USER	Get-User	END	1639138064208
REQUEST		Single-User	1639138052287	1639138064208	KO	i.n.h.s.SslHandshakeTimeoutException: handshake timed out after 10000ms
USER	Get-User	END	1639138064208
REQUEST		Single-User	1639138052288	1639138064208	KO	i.n.h.s.SslHandshakeTimeoutException: handshake timed out after 10000ms
USER	Get-User	END	1639138064208
REQUEST		Single-User	1639138052288	1639138064208	KO	i.n.h.s.SslHandshakeTimeoutException: handshake timed out after 10000ms
USER	Get-User	END	1639138064208
REQUEST		Single-User	1639138052219	1639138064220	KO	i.n.h.s.SslHandshakeTimeoutException: handshake timed out after 10000ms
USER	Get-User	END	1639138064221
REQUEST		Single-User	1639138052220	1639138064222	KO	i.n.h.s.SslHandshakeTimeoutException: handshake timed out after 10000ms
REQUEST		Single-User	1639138052289	1639138064222	KO	i.n.h.s.SslHandshakeTimeoutException: handshake timed out after 10000ms
USER	Get-User	END	1639138064222
USER	Get-User	END	1639138064222
REQUEST		Single-User	1639138052290	1639138064223	KO	i.n.h.s.SslHandshakeTimeoutException: handshake timed out after 10000ms
REQUEST		Single-User	1639138052273	1639138064223	KO	i.n.h.s.SslHandshakeTimeoutException: handshake timed out after 10000ms
USER	Get-User	END	1639138064223
USER	Get-User	END	1639138064223
REQUEST		Single-User	1639138052293	1639138064223	KO	i.n.h.s.SslHandshakeTimeoutException: handshake timed out after 10000ms
REQUEST		Single-User	1639138052274	1639138064223	KO	i.n.h.s.SslHandshakeTimeoutException: handshake timed out after 10000ms
USER	Get-User	END	1639138064223
USER	Get-User	END	1639138064223
REQUEST		Single-User	1639138052300	1639138064223	KO	i.n.h.s.SslHandshakeTimeoutException: handshake timed out after 10000ms
USER	Get-User	END	1639138064223
REQUEST		Single-User	1639138052274	1639138064224	KO	i.n.h.s.SslHandshakeTimeoutException: handshake timed out after 10000ms
USER	Get-User	END	1639138064224
REQUEST		Single-User	1639138052300	1639138064224	KO	i.n.h.s.SslHandshakeTimeoutException: handshake timed out after 10000ms
USER	Get-User	END	1639138064224
REQUEST		Single-User	1639138052275	1639138064224	KO	i.n.h.s.SslHandshakeTimeoutException: handshake timed out after 10000ms
USER	Get-User	END	1639138064224
REQUEST		Single-User	1639138052276	1639138064224	KO	i.n.h.s.SslHandshakeTimeoutException: handshake timed out after 10000ms
USER	Get-User	END	1639138064225
REQUEST		Single-User	1639138052302	1639138064225	KO	i.n.h.s.SslHandshakeTimeoutException: handshake timed out after 10000ms
USER	Get-User	END	1639138064225
REQUEST		Single-User	1639138052287	1639138064290	KO	i.n.h.s.SslHandshakeTimeoutException: handshake timed out after 10000ms
REQUEST		Single-User	1639138052311	1639138064290	KO	i.n.h.s.SslHandshakeTimeoutException: handshake timed out after 10000ms
USER	Get-User	END	1639138064290
USER	Get-User	END	1639138064290
REQUEST		Single-User	1639138052289	1639138064291	KO	i.n.h.s.SslHandshakeTimeoutException: handshake timed out after 10000ms
USER	Get-User	END	1639138064291
REQUEST		Single-User	1639138052321	1639138064292	KO	i.n.h.s.SslHandshakeTimeoutException: handshake timed out after 10000ms
USER	Get-User	END	1639138064292
REQUEST		Single-User	1639138052326	1639138064292	KO	i.n.h.s.SslHandshakeTimeoutException: handshake timed out after 10000ms
USER	Get-User	END	1639138064293
REQUEST		Single-User	1639138052335	1639138064293	KO	i.n.h.s.SslHandshakeTimeoutException: handshake timed out after 10000ms
USER	Get-User	END	1639138064293
REQUEST		Single-User	1639138052290	1639138064293	KO	i.n.h.s.SslHandshakeTimeoutException: handshake timed out after 10000ms
USER	Get-User	END	1639138064293
REQUEST		Single-User	1639138052291	1639138064293	KO	i.n.h.s.SslHandshakeTimeoutException: handshake timed out after 10000ms
USER	Get-User	END	1639138064293
REQUEST		Single-User	1639138052339	1639138064295	KO	i.n.h.s.SslHandshakeTimeoutException: handshake timed out after 10000ms
REQUEST		Single-User	1639138052291	1639138064295	KO	i.n.h.s.SslHandshakeTimeoutException: handshake timed out after 10000ms
USER	Get-User	END	1639138064295
USER	Get-User	END	1639138064295
REQUEST		Single-User	1639138052341	1639138064295	KO	i.n.h.s.SslHandshakeTimeoutException: handshake timed out after 10000ms
REQUEST		Single-User	1639138052292	1639138064295	KO	i.n.h.s.SslHandshakeTimeoutException: handshake timed out after 10000ms
USER	Get-User	END	1639138064296
USER	Get-User	END	1639138064296
REQUEST		Single-User	1639138052298	1639138064296	KO	i.n.h.s.SslHandshakeTimeoutException: handshake timed out after 10000ms
USER	Get-User	END	1639138064296
REQUEST		Single-User	1639138052341	1639138064297	KO	i.n.h.s.SslHandshakeTimeoutException: handshake timed out after 10000ms
USER	Get-User	END	1639138064297
REQUEST		Single-User	1639138052342	1639138064297	KO	i.n.h.s.SslHandshakeTimeoutException: handshake timed out after 10000ms
USER	Get-User	END	1639138064298
REQUEST		Single-User	1639138052343	1639138064298	KO	i.n.h.s.SslHandshakeTimeoutException: handshake timed out after 10000ms
USER	Get-User	END	1639138064298
REQUEST		Single-User	1639138052301	1639138064298	KO	i.n.h.s.SslHandshakeTimeoutException: handshake timed out after 10000ms
USER	Get-User	END	1639138064298
REQUEST		Single-User	1639138052314	1639138064298	KO	i.n.h.s.SslHandshakeTimeoutException: handshake timed out after 10000ms
USER	Get-User	END	1639138064298
REQUEST		Single-User	1639138052315	1639138064299	KO	i.n.h.s.SslHandshakeTimeoutException: handshake timed out after 10000ms
USER	Get-User	END	1639138064299
REQUEST		Single-User	1639138052316	1639138064300	KO	i.n.h.s.SslHandshakeTimeoutException: handshake timed out after 10000ms
REQUEST		Single-User	1639138052344	1639138064300	KO	i.n.h.s.SslHandshakeTimeoutException: handshake timed out after 10000ms
USER	Get-User	END	1639138064300
USER	Get-User	END	1639138064300
REQUEST		Single-User	1639138052345	1639138064300	KO	i.n.h.s.SslHandshakeTimeoutException: handshake timed out after 10000ms
USER	Get-User	END	1639138064301
REQUEST		Single-User	1639138052323	1639138064301	KO	i.n.h.s.SslHandshakeTimeoutException: handshake timed out after 10000ms
USER	Get-User	END	1639138064301
REQUEST		Single-User	1639138052323	1639138064301	KO	i.n.h.s.SslHandshakeTimeoutException: handshake timed out after 10000ms
USER	Get-User	END	1639138064301
REQUEST		Single-User	1639138052330	1639138064303	KO	i.n.h.s.SslHandshakeTimeoutException: handshake timed out after 10000ms
USER	Get-User	END	1639138064303
REQUEST		Single-User	1639138052339	1639138064303	KO	i.n.h.s.SslHandshakeTimeoutException: handshake timed out after 10000ms
USER	Get-User	END	1639138064304
REQUEST		Single-User	1639138052340	1639138064304	KO	i.n.h.s.SslHandshakeTimeoutException: handshake timed out after 10000ms
USER	Get-User	END	1639138064304
REQUEST		Single-User	1639138052341	1639138064306	KO	i.n.h.s.SslHandshakeTimeoutException: handshake timed out after 10000ms
USER	Get-User	END	1639138064306
REQUEST		Single-User	1639138052342	1639138064306	KO	i.n.h.s.SslHandshakeTimeoutException: handshake timed out after 10000ms
USER	Get-User	END	1639138064307
REQUEST		Single-User	1639138052343	1639138064308	KO	i.n.h.s.SslHandshakeTimeoutException: handshake timed out after 10000ms
USER	Get-User	END	1639138064308
REQUEST		Single-User	1639138052344	1639138064309	KO	i.n.h.s.SslHandshakeTimeoutException: handshake timed out after 10000ms
USER	Get-User	END	1639138064309
REQUEST		Single-User	1639138052345	1639138064310	KO	i.n.h.s.SslHandshakeTimeoutException: handshake timed out after 10000ms
USER	Get-User	END	1639138064310
REQUEST		Single-User	1639138052346	1639138064310	KO	i.n.h.s.SslHandshakeTimeoutException: handshake timed out after 10000ms
USER	Get-User	END	1639138064310
REQUEST		Single-User	1639138052347	1639138064312	KO	i.n.h.s.SslHandshakeTimeoutException: handshake timed out after 10000ms
USER	Get-User	END	1639138064312
